2024-06-16 22:44:30,804: INFO: Note: NumExpr detected 12 cores but "NUMEXPR_MAX_THREADS" not set, so enforcing safe limit of 8.
2024-06-16 22:44:30,804: INFO: NumExpr defaulting to 8 threads.
2024-06-16 22:45:53,367: WARNING: Using 308 background data samples could cause slower run times. Consider using shap.sample(data, K) or shap.kmeans(data, K) to summarize the background as K samples.
2024-06-16 22:45:53,458: INFO: num_full_subsets = 2
2024-06-16 22:45:53,458: INFO: remaining_weight_vector = [0.23108621 0.18664656 0.16176035 0.14705486 0.13865173 0.13480029]
2024-06-16 22:45:53,458: INFO: num_paired_subset_sizes = 8
2024-06-16 22:45:53,479: INFO: weight_left = 0.5181019626448611
2024-06-16 22:45:56,690: INFO: np.sum(w_aug) = 17.000000000000007
2024-06-16 22:45:56,691: INFO: np.sum(self.kernelWeights) = 1.0000000000000004
2024-06-16 22:45:56,705: INFO: phi = [ 1.0690486   0.95411999  0.16340152  1.19185422 -5.04985611  1.19254223
  2.16542417  0.22756643  0.12839963 -0.08404517  2.16102256  1.09618405
  0.40712522  2.53751713  0.61435805  0.74845293 -2.53997464]
2024-06-16 22:45:56,795: INFO: num_full_subsets = 2
2024-06-16 22:45:56,796: INFO: remaining_weight_vector = [0.23108621 0.18664656 0.16176035 0.14705486 0.13865173 0.13480029]
2024-06-16 22:45:56,796: INFO: num_paired_subset_sizes = 8
2024-06-16 22:45:56,818: INFO: weight_left = 0.5181019626448611
2024-06-16 22:46:00,152: INFO: np.sum(w_aug) = 17.0
2024-06-16 22:46:00,152: INFO: np.sum(self.kernelWeights) = 1.0
2024-06-16 22:46:00,159: INFO: phi = [-0.3981126   1.20713504  0.17494422  1.30136378 -9.26569271  2.45026785
  2.8039054   0.47403557 -0.03266516  1.09027212  3.05111748  1.32292523
  0.32322107  2.61321421 -0.55116672  0.84474505  0.90751975]
2024-06-16 22:46:00,265: INFO: num_full_subsets = 2
2024-06-16 22:46:00,265: INFO: remaining_weight_vector = [0.23108621 0.18664656 0.16176035 0.14705486 0.13865173 0.13480029]
2024-06-16 22:46:00,265: INFO: num_paired_subset_sizes = 8
2024-06-16 22:46:00,289: INFO: weight_left = 0.5181019626448611
2024-06-16 22:46:03,567: INFO: np.sum(w_aug) = 17.000000000000007
2024-06-16 22:46:03,567: INFO: np.sum(self.kernelWeights) = 1.0
2024-06-16 22:46:03,575: INFO: phi = [ 0.92755594  0.93686338  0.1258609  -3.53864706 -3.0070886   0.16380112
  1.87176361  0.         -0.23611074 -1.49547372  1.61334254  0.92537975
 -2.58870527  2.41593828  0.10429288  0.58581739  0.32498753]
2024-06-16 22:46:03,686: INFO: num_full_subsets = 2
2024-06-16 22:46:03,686: INFO: remaining_weight_vector = [0.23108621 0.18664656 0.16176035 0.14705486 0.13865173 0.13480029]
2024-06-16 22:46:03,686: INFO: num_paired_subset_sizes = 8
2024-06-16 22:46:03,708: INFO: weight_left = 0.5181019626448611
2024-06-16 22:46:06,909: INFO: np.sum(w_aug) = 17.000000000000004
2024-06-16 22:46:06,909: INFO: np.sum(self.kernelWeights) = 1.0000000000000004
2024-06-16 22:46:06,916: INFO: phi = [-0.18259695  0.66668121 -0.04552004 -1.40704287  1.37884943  0.87290769
 -1.52577266  0.18719132  0.31292502  0.25137828 -0.10927044 -1.11188532
  0.06137401 -2.20335556 -0.06069072 -0.96446973 -0.02512926]
2024-06-16 22:46:07,012: INFO: num_full_subsets = 2
2024-06-16 22:46:07,013: INFO: remaining_weight_vector = [0.23108621 0.18664656 0.16176035 0.14705486 0.13865173 0.13480029]
2024-06-16 22:46:07,013: INFO: num_paired_subset_sizes = 8
2024-06-16 22:46:07,034: INFO: weight_left = 0.5181019626448611
2024-06-16 22:46:10,092: INFO: np.sum(w_aug) = 17.000000000000007
2024-06-16 22:46:10,092: INFO: np.sum(self.kernelWeights) = 1.0000000000000004
2024-06-16 22:46:10,098: INFO: phi = [-0.49310527  1.03161125  0.17228462  0.59237569 -1.01685607  2.49300426
  2.01951638  0.14481689  0.24133153  0.63796095  3.48562286  0.87200776
 -0.41986853  2.2398572  -0.43338088  0.54221238  0.1155268 ]
2024-06-16 22:46:10,185: INFO: num_full_subsets = 2
2024-06-16 22:46:10,185: INFO: remaining_weight_vector = [0.23108621 0.18664656 0.16176035 0.14705486 0.13865173 0.13480029]
2024-06-16 22:46:10,185: INFO: num_paired_subset_sizes = 8
2024-06-16 22:46:10,208: INFO: weight_left = 0.5181019626448611
2024-06-16 22:46:13,311: INFO: np.sum(w_aug) = 17.000000000000007
2024-06-16 22:46:13,311: INFO: np.sum(self.kernelWeights) = 1.0000000000000002
2024-06-16 22:46:13,317: INFO: phi = [-1.36039274  0.71294793  0.14827234 -0.49935382  6.51020873 -6.27221704
  1.69126609  0.28129915 -0.10102513 -1.66954594 -1.1957104   0.86874785
 -0.3534126   2.5980226   0.53914454  0.49109944  0.12910362]
2024-06-16 22:46:13,407: INFO: num_full_subsets = 2
2024-06-16 22:46:13,407: INFO: remaining_weight_vector = [0.23108621 0.18664656 0.16176035 0.14705486 0.13865173 0.13480029]
2024-06-16 22:46:13,407: INFO: num_paired_subset_sizes = 8
2024-06-16 22:46:13,428: INFO: weight_left = 0.5181019626448611
2024-06-16 22:46:16,669: INFO: np.sum(w_aug) = 17.000000000000007
2024-06-16 22:46:16,669: INFO: np.sum(self.kernelWeights) = 1.0
2024-06-16 22:46:16,683: INFO: phi = [ 0.28212115  1.08760528  0.05912709  0.08637015 -1.32467561 -2.18136183
  2.14201782 -0.18394731  0.35257868  1.056121    0.90702676  0.92939266
  0.09835853 -0.06685519 -0.23205789 -5.75124267  0.14388891]
2024-06-16 22:46:16,791: INFO: num_full_subsets = 2
2024-06-16 22:46:16,791: INFO: remaining_weight_vector = [0.23108621 0.18664656 0.16176035 0.14705486 0.13865173 0.13480029]
2024-06-16 22:46:16,791: INFO: num_paired_subset_sizes = 8
2024-06-16 22:46:16,812: INFO: weight_left = 0.5181019626448611
2024-06-16 22:46:19,866: INFO: np.sum(w_aug) = 17.000000000000004
2024-06-16 22:46:19,866: INFO: np.sum(self.kernelWeights) = 1.0
2024-06-16 22:46:19,872: INFO: phi = [  0.18776821  -2.52221424  -0.62156167  -0.92339855   5.57899261
   1.06824798   1.37442733  -0.11907445   0.10629157   0.27739923
 -10.9450088    0.33011268   0.20929936  -4.89871845  -0.31943631
   0.55953047  -0.46112868]
2024-06-16 22:46:19,966: INFO: num_full_subsets = 2
2024-06-16 22:46:19,966: INFO: remaining_weight_vector = [0.23108621 0.18664656 0.16176035 0.14705486 0.13865173 0.13480029]
2024-06-16 22:46:19,966: INFO: num_paired_subset_sizes = 8
2024-06-16 22:46:19,985: INFO: weight_left = 0.5181019626448611
2024-06-16 22:46:22,905: INFO: np.sum(w_aug) = 17.000000000000004
2024-06-16 22:46:22,905: INFO: np.sum(self.kernelWeights) = 1.0000000000000004
2024-06-16 22:46:22,915: INFO: phi = [  0.35744906  -5.11368277  -0.62948218  -0.18108469   4.15396024
   4.08595794  -3.3392378   -0.08100293  -0.26492977   0.2364164
   1.62480299 -14.06741052   0.           1.09285669  -0.95455752
   0.48648827  -0.76803417]
2024-06-16 22:46:22,993: INFO: num_full_subsets = 2
2024-06-16 22:46:22,993: INFO: remaining_weight_vector = [0.23108621 0.18664656 0.16176035 0.14705486 0.13865173 0.13480029]
2024-06-16 22:46:22,993: INFO: num_paired_subset_sizes = 8
2024-06-16 22:46:23,033: INFO: weight_left = 0.5181019626448611
2024-06-16 22:46:26,107: INFO: np.sum(w_aug) = 17.000000000000007
2024-06-16 22:46:26,107: INFO: np.sum(self.kernelWeights) = 1.0000000000000004
2024-06-16 22:46:26,112: INFO: phi = [ 0.85597836  0.97059441  0.1623911  -2.29086032 -2.42086757  0.68512211
  2.16682505  0.14788073 -0.17997538 -1.32047346  1.96382534  1.02715679
  0.43971435  2.65390614  0.09350419  0.63963102  0.4855926 ]
2024-06-16 22:46:26,193: INFO: num_full_subsets = 2
2024-06-16 22:46:26,193: INFO: remaining_weight_vector = [0.23108621 0.18664656 0.16176035 0.14705486 0.13865173 0.13480029]
2024-06-16 22:46:26,193: INFO: num_paired_subset_sizes = 8
2024-06-16 22:46:26,213: INFO: weight_left = 0.5181019626448611
2024-06-16 22:46:29,195: INFO: np.sum(w_aug) = 17.000000000000007
2024-06-16 22:46:29,195: INFO: np.sum(self.kernelWeights) = 1.0
2024-06-16 22:46:29,201: INFO: phi = [-0.33648004  0.95359229 -0.07242804 -1.16749409  1.95858557  2.06149082
 -1.76034656  0.23209991 -0.06132972  0.48990699 -0.04323988 -1.10375861
  0.24995202  3.16982982  0.05605773  0.56737843  0.23915255]
2024-06-16 22:46:29,296: INFO: num_full_subsets = 2
2024-06-16 22:46:29,296: INFO: remaining_weight_vector = [0.23108621 0.18664656 0.16176035 0.14705486 0.13865173 0.13480029]
2024-06-16 22:46:29,297: INFO: num_paired_subset_sizes = 8
2024-06-16 22:46:29,318: INFO: weight_left = 0.5181019626448611
2024-06-16 22:46:32,400: INFO: np.sum(w_aug) = 17.000000000000007
2024-06-16 22:46:32,400: INFO: np.sum(self.kernelWeights) = 1.0
2024-06-16 22:46:32,407: INFO: phi = [-1.06152537 -2.93653286 -0.63819835 -1.25197662  3.44913048  2.38640721
 -4.89431038  0.17755888 -0.22950697  0.46301056  1.44427824  0.78226211
  0.19578771  0.37816363 -1.0671169   0.49217563  0.02505423]
2024-06-16 22:46:32,495: INFO: num_full_subsets = 2
2024-06-16 22:46:32,495: INFO: remaining_weight_vector = [0.23108621 0.18664656 0.16176035 0.14705486 0.13865173 0.13480029]
2024-06-16 22:46:32,496: INFO: num_paired_subset_sizes = 8
2024-06-16 22:46:32,516: INFO: weight_left = 0.5181019626448611
2024-06-16 22:46:35,685: INFO: np.sum(w_aug) = 17.000000000000007
2024-06-16 22:46:35,685: INFO: np.sum(self.kernelWeights) = 1.0000000000000002
2024-06-16 22:46:35,693: INFO: phi = [ 0.18687333  0.97319684 -0.0613445  -0.85634111  2.0355304   2.3215237
 -1.80812638  0.36578114 -0.40491263  0.39851528  0.02891909 -1.29386537
  0.17701873  2.64644979  0.060617    0.66093007  0.17002816]
2024-06-16 22:46:35,783: INFO: num_full_subsets = 2
2024-06-16 22:46:35,783: INFO: remaining_weight_vector = [0.23108621 0.18664656 0.16176035 0.14705486 0.13865173 0.13480029]
2024-06-16 22:46:35,783: INFO: num_paired_subset_sizes = 8
2024-06-16 22:46:35,803: INFO: weight_left = 0.5181019626448611
2024-06-16 22:46:38,879: INFO: np.sum(w_aug) = 17.000000000000004
2024-06-16 22:46:38,879: INFO: np.sum(self.kernelWeights) = 1.0
2024-06-16 22:46:38,886: INFO: phi = [-0.14652933  0.63774074 -0.05800257 -1.42520056  1.34587133  0.84637916
 -1.55175102  0.18510404  0.30489957  0.25269722 -0.14144389 -1.05347598
  0.05539857 -2.17176164 -0.06147451 -0.91131632 -0.0115614 ]
2024-06-16 22:46:38,983: INFO: num_full_subsets = 2
2024-06-16 22:46:38,983: INFO: remaining_weight_vector = [0.23108621 0.18664656 0.16176035 0.14705486 0.13865173 0.13480029]
2024-06-16 22:46:38,983: INFO: num_paired_subset_sizes = 8
2024-06-16 22:46:39,003: INFO: weight_left = 0.5181019626448611
2024-06-16 22:46:42,083: INFO: np.sum(w_aug) = 17.000000000000004
2024-06-16 22:46:42,083: INFO: np.sum(self.kernelWeights) = 1.0000000000000002
2024-06-16 22:46:42,091: INFO: phi = [-0.9658697   0.80111714  0.138069   -1.14698649 -0.25182106 -3.94573687
  1.67719565 -0.20606262  0.04000594  0.35319366 -4.87028293  0.78827322
  0.2835952  -5.84964267 -0.20889376 -2.5182516  -0.17199146]
2024-06-16 22:46:42,184: INFO: num_full_subsets = 2
2024-06-16 22:46:42,184: INFO: remaining_weight_vector = [0.23108621 0.18664656 0.16176035 0.14705486 0.13865173 0.13480029]
2024-06-16 22:46:42,184: INFO: num_paired_subset_sizes = 8
2024-06-16 22:46:42,205: INFO: weight_left = 0.5181019626448611
2024-06-16 22:46:45,153: INFO: np.sum(w_aug) = 17.000000000000007
2024-06-16 22:46:45,153: INFO: np.sum(self.kernelWeights) = 1.0
2024-06-16 22:46:45,163: INFO: phi = [ 0.56833549  0.95058772  0.18631043 -0.83455941 -8.84426066  1.50836676
  1.93274456 -0.05281442 -0.26214252 -2.96226324  0.03880263  1.24365737
  1.20004372 -3.08299756  1.95377752  0.63478736 -0.36668698]
2024-06-16 22:46:45,251: INFO: num_full_subsets = 2
2024-06-16 22:46:45,251: INFO: remaining_weight_vector = [0.23108621 0.18664656 0.16176035 0.14705486 0.13865173 0.13480029]
2024-06-16 22:46:45,251: INFO: num_paired_subset_sizes = 8
2024-06-16 22:46:45,277: INFO: weight_left = 0.5181019626448611
2024-06-16 22:46:48,345: INFO: np.sum(w_aug) = 17.000000000000007
2024-06-16 22:46:48,345: INFO: np.sum(self.kernelWeights) = 1.0
2024-06-16 22:46:48,353: INFO: phi = [  0.64012604  -5.14518953  -0.54062865   0.14980208   4.52366259
   4.24110061  -3.35803743  -0.03759     -0.15503822   0.34799548
   1.69520748 -12.77928609   0.08869344   1.41262721  -1.03994324
   0.35209439   0.26121653]
2024-06-16 22:46:48,440: INFO: num_full_subsets = 2
2024-06-16 22:46:48,440: INFO: remaining_weight_vector = [0.23108621 0.18664656 0.16176035 0.14705486 0.13865173 0.13480029]
2024-06-16 22:46:48,441: INFO: num_paired_subset_sizes = 8
2024-06-16 22:46:48,461: INFO: weight_left = 0.5181019626448611
2024-06-16 22:46:51,500: INFO: np.sum(w_aug) = 17.000000000000007
2024-06-16 22:46:51,500: INFO: np.sum(self.kernelWeights) = 1.0000000000000004
2024-06-16 22:46:51,506: INFO: phi = [ 0.39442617  1.23261905 -0.05048827  1.29502499  2.32800983  2.14891066
  2.75144042  0.49400904  0.88315047  1.07102589  0.66485393 -0.90200061
  0.28013031  2.49162772  0.0985101   0.67776669  0.21174202]
2024-06-16 22:46:51,583: INFO: num_full_subsets = 2
2024-06-16 22:46:51,583: INFO: remaining_weight_vector = [0.23108621 0.18664656 0.16176035 0.14705486 0.13865173 0.13480029]
2024-06-16 22:46:51,583: INFO: num_paired_subset_sizes = 8
2024-06-16 22:46:51,608: INFO: weight_left = 0.5181019626448611
2024-06-16 22:46:54,622: INFO: np.sum(w_aug) = 17.000000000000007
2024-06-16 22:46:54,622: INFO: np.sum(self.kernelWeights) = 1.0
2024-06-16 22:46:54,629: INFO: phi = [  0.49515765   0.90375692   0.16706453  -0.29586314 -14.9434125
   2.68628431   1.74380917  -0.24785691  -0.15291623   1.48348621
  -2.84413118   0.96221906   0.07060963  -3.30671156  -0.64677334
   0.6563521   -0.34920878]
2024-06-16 22:46:54,713: INFO: num_full_subsets = 2
2024-06-16 22:46:54,713: INFO: remaining_weight_vector = [0.23108621 0.18664656 0.16176035 0.14705486 0.13865173 0.13480029]
2024-06-16 22:46:54,713: INFO: num_paired_subset_sizes = 8
2024-06-16 22:46:54,733: INFO: weight_left = 0.5181019626448611
2024-06-16 22:46:57,754: INFO: np.sum(w_aug) = 17.000000000000007
2024-06-16 22:46:57,754: INFO: np.sum(self.kernelWeights) = 1.0
2024-06-16 22:46:57,760: INFO: phi = [ 0.35456738 -2.72184517 -0.72152666 -0.74298877  7.44755743  2.15102448
 -4.32458158  0.18549549 -0.12202846  0.10403704  2.02499814 -0.37138284
 -0.79768372  0.82229717 -1.05357942  0.44689917  0.10204695]
2024-06-16 22:46:57,843: INFO: num_full_subsets = 2
2024-06-16 22:46:57,843: INFO: remaining_weight_vector = [0.23108621 0.18664656 0.16176035 0.14705486 0.13865173 0.13480029]
2024-06-16 22:46:57,843: INFO: num_paired_subset_sizes = 8
2024-06-16 22:46:57,864: INFO: weight_left = 0.5181019626448611
2024-06-16 22:47:00,949: INFO: np.sum(w_aug) = 17.000000000000007
2024-06-16 22:47:00,949: INFO: np.sum(self.kernelWeights) = 1.0000000000000002
2024-06-16 22:47:00,955: INFO: phi = [-0.6934846   0.92408452  0.16801561 -0.42584896 -5.02964929 -0.10254899
  2.17731758 -0.05939572  0.24897412  0.68640484  2.02096003  1.08754209
  1.12957485 -3.50428181  0.01693517  0.59718957 -0.16143106]
2024-06-16 22:47:01,033: INFO: num_full_subsets = 2
2024-06-16 22:47:01,033: INFO: remaining_weight_vector = [0.23108621 0.18664656 0.16176035 0.14705486 0.13865173 0.13480029]
2024-06-16 22:47:01,033: INFO: num_paired_subset_sizes = 8
2024-06-16 22:47:01,059: INFO: weight_left = 0.5181019626448611
2024-06-16 22:47:03,997: INFO: np.sum(w_aug) = 17.000000000000007
2024-06-16 22:47:03,997: INFO: np.sum(self.kernelWeights) = 1.0000000000000002
2024-06-16 22:47:04,004: INFO: phi = [-0.3492496   0.93207056 -0.08662947 -1.15430421  1.94467835  2.06900028
 -1.77672617  0.24335572 -0.04430539  0.48032418 -0.05209833 -1.12849591
  0.25660679  3.18791537  0.08101561  0.56885333  0.26095806]
2024-06-16 22:47:04,094: INFO: num_full_subsets = 2
2024-06-16 22:47:04,094: INFO: remaining_weight_vector = [0.23108621 0.18664656 0.16176035 0.14705486 0.13865173 0.13480029]
2024-06-16 22:47:04,094: INFO: num_paired_subset_sizes = 8
2024-06-16 22:47:04,124: INFO: weight_left = 0.5181019626448611
2024-06-16 22:47:52,574: INFO: Note: NumExpr detected 12 cores but "NUMEXPR_MAX_THREADS" not set, so enforcing safe limit of 8.
2024-06-16 22:47:52,574: INFO: NumExpr defaulting to 8 threads.
