2024-06-17 14:18:14,862: INFO: Note: NumExpr detected 12 cores but "NUMEXPR_MAX_THREADS" not set, so enforcing safe limit of 8.
2024-06-17 14:18:14,862: INFO: NumExpr defaulting to 8 threads.
2024-06-17 15:04:57,363: INFO: Note: NumExpr detected 12 cores but "NUMEXPR_MAX_THREADS" not set, so enforcing safe limit of 8.
2024-06-17 15:04:57,363: INFO: NumExpr defaulting to 8 threads.
2024-06-17 15:30:32,649: INFO: num_full_subsets = 2
2024-06-17 15:30:32,649: INFO: remaining_weight_vector = [0.22727203 0.18465852 0.16115653 0.14772682 0.14069221 0.13849389]
2024-06-17 15:30:32,649: INFO: num_paired_subset_sizes = 7
2024-06-17 15:30:32,664: INFO: weight_left = 0.5063344810024111
2024-06-17 15:30:32,903: INFO: np.sum(w_aug) = 15.999999999999998
2024-06-17 15:30:32,904: INFO: np.sum(self.kernelWeights) = 1.0000000000000002
2024-06-17 15:30:32,913: INFO: phi = [-0.02661729  0.00381832  0.00228371  0.01120406 -0.01953903 -0.02533351
  0.00119477 -0.00211243 -0.00203298  0.01335494 -0.01347209  0.02671547
 -0.01138094  0.00036758 -0.00666124 -0.00151613]
2024-06-17 15:30:32,935: INFO: num_full_subsets = 2
2024-06-17 15:30:32,935: INFO: remaining_weight_vector = [0.22727203 0.18465852 0.16115653 0.14772682 0.14069221 0.13849389]
2024-06-17 15:30:32,935: INFO: num_paired_subset_sizes = 7
2024-06-17 15:30:32,956: INFO: weight_left = 0.5063344810024111
2024-06-17 15:30:33,207: INFO: np.sum(w_aug) = 15.999999999999998
2024-06-17 15:30:33,207: INFO: np.sum(self.kernelWeights) = 1.0000000000000002
2024-06-17 15:30:33,215: INFO: phi = [ 0.00488889  0.00381832  0.00228371 -0.00886808  0.0224337   0.01085722
 -0.00162763 -0.00211243 -0.00203298  0.01335494 -0.01347209  0.01984409
  0.00066607 -0.00056888 -0.0221646  -0.00151613]
2024-06-17 15:30:33,236: INFO: num_full_subsets = 2
2024-06-17 15:30:33,236: INFO: remaining_weight_vector = [0.22727203 0.18465852 0.16115653 0.14772682 0.14069221 0.13849389]
2024-06-17 15:30:33,236: INFO: num_paired_subset_sizes = 7
2024-06-17 15:30:33,257: INFO: weight_left = 0.5063344810024111
2024-06-17 15:30:33,522: INFO: np.sum(w_aug) = 15.999999999999995
2024-06-17 15:30:33,522: INFO: np.sum(self.kernelWeights) = 1.0
2024-06-17 15:30:33,529: INFO: phi = [ 0.00488889  0.00381832  0.00228371 -0.00886808  0.0224337   0.00217144
 -0.0006035   0.0038642   0.00067908  0.00470014  0.00338123 -0.00166335
 -0.00157998  0.00070016 -0.00332205  0.00199518]
2024-06-17 15:30:33,550: INFO: num_full_subsets = 2
2024-06-17 15:30:33,550: INFO: remaining_weight_vector = [0.22727203 0.18465852 0.16115653 0.14772682 0.14069221 0.13849389]
2024-06-17 15:30:33,551: INFO: num_paired_subset_sizes = 7
2024-06-17 15:30:33,565: INFO: weight_left = 0.5063344810024111
2024-06-17 15:30:33,773: INFO: np.sum(w_aug) = 15.999999999999996
2024-06-17 15:30:33,773: INFO: np.sum(self.kernelWeights) = 1.0000000000000002
2024-06-17 15:30:33,789: INFO: phi = [-0.0108642   0.00381832  0.00228371 -0.01388612  0.0224337   0.01085722
 -0.00014923  0.00087588  0.00382459 -0.05907015  0.1014369   0.00610132
 -0.01566885 -0.00042885  0.00315756  0.00077386]
2024-06-17 15:30:33,805: INFO: num_full_subsets = 2
2024-06-17 15:30:33,805: INFO: remaining_weight_vector = [0.22727203 0.18465852 0.16115653 0.14772682 0.14069221 0.13849389]
2024-06-17 15:30:33,805: INFO: num_paired_subset_sizes = 7
2024-06-17 15:30:33,820: INFO: weight_left = 0.5063344810024111
2024-06-17 15:30:34,038: INFO: np.sum(w_aug) = 15.999999999999998
2024-06-17 15:30:34,038: INFO: np.sum(self.kernelWeights) = 1.0000000000000002
2024-06-17 15:30:34,038: INFO: phi = [ 0.00488889  0.00381832  0.00228371 -0.00886808  0.0224337   0.01085722
 -0.00162763 -0.00211243 -0.00203298  0.01335494 -0.01347209  0.01984409
 -0.01158512 -0.00056888 -0.02319816 -0.00151613]
2024-06-17 15:30:34,073: INFO: num_full_subsets = 2
2024-06-17 15:30:34,073: INFO: remaining_weight_vector = [0.22727203 0.18465852 0.16115653 0.14772682 0.14069221 0.13849389]
2024-06-17 15:30:34,073: INFO: num_paired_subset_sizes = 7
2024-06-17 15:30:34,090: INFO: weight_left = 0.5063344810024111
2024-06-17 15:30:34,308: INFO: np.sum(w_aug) = 15.999999999999998
2024-06-17 15:30:34,308: INFO: np.sum(self.kernelWeights) = 1.0000000000000002
2024-06-17 15:30:34,314: INFO: phi = [-1.08642013e-02  3.81831695e-03  2.28371068e-03  1.16799130e-03
  2.24337048e-02  1.08572188e-02 -1.49230370e-04  3.86419703e-03
  3.82459468e-03  1.33549363e-02 -1.34720887e-02 -4.19983784e-02
  8.83353307e-03 -6.56397177e-04  1.77068677e-02  8.68613289e-05]
2024-06-17 15:30:34,321: INFO: num_full_subsets = 2
2024-06-17 15:30:34,321: INFO: remaining_weight_vector = [0.22727203 0.18465852 0.16115653 0.14772682 0.14069221 0.13849389]
2024-06-17 15:30:34,321: INFO: num_paired_subset_sizes = 7
2024-06-17 15:30:34,336: INFO: weight_left = 0.5063344810024111
2024-06-17 15:30:34,587: INFO: np.sum(w_aug) = 15.999999999999996
2024-06-17 15:30:34,587: INFO: np.sum(self.kernelWeights) = 1.0000000000000002
2024-06-17 15:30:34,594: INFO: phi = [ 0.05214817  0.00381832  0.00228371  0.00116799 -0.01953903  0.01085722
  0.00079157 -0.00211243 -0.00203298  0.01335494 -0.01347209  0.04045824
  0.00883353  0.00028006  0.03571462 -0.00151613]
2024-06-17 15:30:34,615: INFO: num_full_subsets = 2
2024-06-17 15:30:34,615: INFO: remaining_weight_vector = [0.22727203 0.18465852 0.16115653 0.14772682 0.14069221 0.13849389]
2024-06-17 15:30:34,615: INFO: num_paired_subset_sizes = 7
2024-06-17 15:30:34,622: INFO: weight_left = 0.5063344810024111
2024-06-17 15:30:34,848: INFO: np.sum(w_aug) = 15.999999999999998
2024-06-17 15:30:34,848: INFO: np.sum(self.kernelWeights) = 1.0000000000000002
2024-06-17 15:30:34,848: INFO: phi = [ 0.00488889  0.00381832  0.00228371  0.00116799  0.0224337   0.01085722
 -0.00162763 -0.00211243 -0.00203298  0.01335494 -0.01347209  0.01984409
  0.00883353 -0.00056888 -0.01520796 -0.00151613]
2024-06-17 15:30:34,879: INFO: num_full_subsets = 2
2024-06-17 15:30:34,879: INFO: remaining_weight_vector = [0.22727203 0.18465852 0.16115653 0.14772682 0.14069221 0.13849389]
2024-06-17 15:30:34,879: INFO: num_paired_subset_sizes = 7
2024-06-17 15:30:34,894: INFO: weight_left = 0.5063344810024111
2024-06-17 15:30:35,102: INFO: np.sum(w_aug) = 15.999999999999996
2024-06-17 15:30:35,102: INFO: np.sum(self.kernelWeights) = 1.0000000000000002
2024-06-17 15:30:35,122: INFO: phi = [ 0.00488889  0.00381832  0.00228371  0.00116799  0.0224337   0.00217144
 -0.0006035   0.0038642   0.00067908  0.00470014  0.00338123 -0.00166335
 -0.00157998  0.00070016 -0.00332205  0.00199518]
2024-06-17 15:30:35,147: INFO: num_full_subsets = 2
2024-06-17 15:30:35,147: INFO: remaining_weight_vector = [0.22727203 0.18465852 0.16115653 0.14772682 0.14069221 0.13849389]
2024-06-17 15:30:35,147: INFO: num_paired_subset_sizes = 7
2024-06-17 15:30:35,165: INFO: weight_left = 0.5063344810024111
2024-06-17 15:30:35,433: INFO: np.sum(w_aug) = 15.999999999999996
2024-06-17 15:30:35,433: INFO: np.sum(self.kernelWeights) = 1.0000000000000002
2024-06-17 15:30:35,440: INFO: phi = [-0.02661729  0.00381832  0.00228371  0.01120406 -0.01953903 -0.02533351
  0.00119477 -0.00211243 -0.00203298  0.01335494 -0.01347209  0.02671547
  0.00209538  0.00036758  0.00768931 -0.00151613]
2024-06-17 15:30:35,467: INFO: num_full_subsets = 2
2024-06-17 15:30:35,467: INFO: remaining_weight_vector = [0.22727203 0.18465852 0.16115653 0.14772682 0.14069221 0.13849389]
2024-06-17 15:30:35,467: INFO: num_paired_subset_sizes = 7
2024-06-17 15:30:35,476: INFO: weight_left = 0.5063344810024111
2024-06-17 15:30:35,703: INFO: np.sum(w_aug) = 15.999999999999998
2024-06-17 15:30:35,703: INFO: np.sum(self.kernelWeights) = 1.0000000000000004
2024-06-17 15:30:35,709: INFO: phi = [ 0.03639507 -0.02571     0.00228371  0.00116799  0.0224337   0.01085722
 -0.00162763  0.00087588  0.00124726 -0.09528269  0.1014369  -0.01451284
  0.00883353 -0.00063014 -0.07070205  0.00428516]
2024-06-17 15:30:35,729: INFO: num_full_subsets = 2
2024-06-17 15:30:35,730: INFO: remaining_weight_vector = [0.22727203 0.18465852 0.16115653 0.14772682 0.14069221 0.13849389]
2024-06-17 15:30:35,730: INFO: num_paired_subset_sizes = 7
2024-06-17 15:30:35,747: INFO: weight_left = 0.5063344810024111
2024-06-17 15:30:35,997: INFO: np.sum(w_aug) = 15.999999999999996
2024-06-17 15:30:35,997: INFO: np.sum(self.kernelWeights) = 1.0000000000000002
2024-06-17 15:30:36,004: INFO: phi = [-0.02661729  0.00381832  0.00228371  0.01120406 -0.01953903 -0.02533351
  0.00119477 -0.00211243 -0.00203298  0.01335494 -0.01347209  0.02671547
 -0.00464278  0.00036758 -0.00638297 -0.00151613]
2024-06-17 15:30:36,025: INFO: num_full_subsets = 2
2024-06-17 15:30:36,031: INFO: remaining_weight_vector = [0.22727203 0.18465852 0.16115653 0.14772682 0.14069221 0.13849389]
2024-06-17 15:30:36,031: INFO: num_paired_subset_sizes = 7
2024-06-17 15:30:36,048: INFO: weight_left = 0.5063344810024111
2024-06-17 15:30:36,258: INFO: np.sum(w_aug) = 15.999999999999996
2024-06-17 15:30:36,258: INFO: np.sum(self.kernelWeights) = 1.0
2024-06-17 15:30:36,273: INFO: phi = [-0.02661729  0.00381832  0.00228371  0.01371308 -0.06151177  0.01085722
  0.00025397  0.0038642   0.0045275   0.01335494 -0.01347209 -0.04199838
  0.00818014  0.00051637  0.01556025 -0.00067647]
2024-06-17 15:30:36,289: INFO: num_full_subsets = 2
2024-06-17 15:30:36,289: INFO: remaining_weight_vector = [0.22727203 0.18465852 0.16115653 0.14772682 0.14069221 0.13849389]
2024-06-17 15:30:36,289: INFO: num_paired_subset_sizes = 7
2024-06-17 15:30:36,305: INFO: weight_left = 0.5063344810024111
2024-06-17 15:30:36,602: INFO: np.sum(w_aug) = 15.999999999999996
2024-06-17 15:30:36,602: INFO: np.sum(self.kernelWeights) = 1.0
2024-06-17 15:30:36,608: INFO: phi = [ 0.05214817  0.00381832 -0.01663846  0.01120406  0.0224337   0.01085722
  0.00159797  0.0038642   0.00687054  0.01335494 -0.01347209  0.00610132
  0.00883353 -0.00054262 -0.02101178 -0.0005238 ]
2024-06-17 15:30:36,636: INFO: num_full_subsets = 2
2024-06-17 15:30:36,636: INFO: remaining_weight_vector = [0.22727203 0.18465852 0.16115653 0.14772682 0.14069221 0.13849389]
2024-06-17 15:30:36,636: INFO: num_paired_subset_sizes = 7
2024-06-17 15:30:36,656: INFO: weight_left = 0.5063344810024111
2024-06-17 15:30:36,913: INFO: np.sum(w_aug) = 15.999999999999996
2024-06-17 15:30:36,914: INFO: np.sum(self.kernelWeights) = 1.0000000000000004
2024-06-17 15:30:36,919: INFO: phi = [-0.02661729 -0.01094584  0.00228371  0.00116799 -0.01953903 -0.02533351
  0.00169205 -0.00211243 -0.00203298  0.01335494 -0.01347209  0.05969812
  0.00883353 -0.00033257  0.04867384 -0.00151613]
2024-06-17 15:30:36,931: INFO: num_full_subsets = 2
2024-06-17 15:30:36,931: INFO: remaining_weight_vector = [0.22727203 0.18465852 0.16115653 0.14772682 0.14069221 0.13849389]
2024-06-17 15:30:36,931: INFO: num_paired_subset_sizes = 7
2024-06-17 15:30:36,946: INFO: weight_left = 0.5063344810024111
2024-06-17 15:30:37,214: INFO: np.sum(w_aug) = 15.999999999999996
2024-06-17 15:30:37,214: INFO: np.sum(self.kernelWeights) = 1.0000000000000004
2024-06-17 15:30:37,220: INFO: phi = [-0.02661729  0.00381832  0.00228371  0.01120406  0.0224337   0.01085722
 -0.00115723  0.0038642  -0.00203298  0.01335494 -0.01347209 -0.00077007
  0.00066607 -0.00063014 -0.01337936  0.00039219]
2024-06-17 15:30:37,243: INFO: num_full_subsets = 2
2024-06-17 15:30:37,243: INFO: remaining_weight_vector = [0.22727203 0.18465852 0.16115653 0.14772682 0.14069221 0.13849389]
2024-06-17 15:30:37,244: INFO: num_paired_subset_sizes = 7
2024-06-17 15:30:37,265: INFO: weight_left = 0.5063344810024111
2024-06-17 15:30:37,504: INFO: np.sum(w_aug) = 15.999999999999998
2024-06-17 15:30:37,504: INFO: np.sum(self.kernelWeights) = 1.0000000000000004
2024-06-17 15:30:37,510: INFO: phi = [ 0.05214817 -0.01094584  0.00228371 -0.00635906 -0.06151177  0.00217144
 -0.0006035  -0.00211243  0.00067908  0.00470014  0.00338123 -0.00166335
 -0.00157998  0.00070016 -0.00332205  0.00199518]
2024-06-17 15:30:37,540: INFO: num_full_subsets = 2
2024-06-17 15:30:37,540: INFO: remaining_weight_vector = [0.22727203 0.18465852 0.16115653 0.14772682 0.14069221 0.13849389]
2024-06-17 15:30:37,541: INFO: num_paired_subset_sizes = 7
2024-06-17 15:30:37,563: INFO: weight_left = 0.5063344810024111
2024-06-17 15:30:37,803: INFO: np.sum(w_aug) = 15.999999999999996
2024-06-17 15:30:37,803: INFO: np.sum(self.kernelWeights) = 1.0000000000000002
2024-06-17 15:30:37,809: INFO: phi = [-0.0108642  -0.02571     0.00228371  0.00116799 -0.06151177  0.00217144
 -0.0006035  -0.00211243  0.00067908  0.00470014  0.00338123 -0.00166335
 -0.00157998  0.00070016 -0.00332205  0.00199518]
2024-06-17 15:30:37,830: INFO: num_full_subsets = 2
2024-06-17 15:30:37,831: INFO: remaining_weight_vector = [0.22727203 0.18465852 0.16115653 0.14772682 0.14069221 0.13849389]
2024-06-17 15:30:37,831: INFO: num_paired_subset_sizes = 7
2024-06-17 15:30:37,848: INFO: weight_left = 0.5063344810024111
2024-06-17 15:30:38,067: INFO: np.sum(w_aug) = 15.999999999999996
2024-06-17 15:30:38,067: INFO: np.sum(self.kernelWeights) = 1.0
2024-06-17 15:30:38,073: INFO: phi = [-0.02661729  0.00381832  0.00228371  0.01120406 -0.01953903 -0.02533351
  0.00119477 -0.00211243 -0.00203298  0.01335494 -0.01347209  0.02671547
 -0.02485725  0.00036758 -0.01337936 -0.00151613]
2024-06-17 15:30:38,093: INFO: num_full_subsets = 2
2024-06-17 15:30:38,093: INFO: remaining_weight_vector = [0.22727203 0.18465852 0.16115653 0.14772682 0.14069221 0.13849389]
2024-06-17 15:30:38,093: INFO: num_paired_subset_sizes = 7
2024-06-17 15:30:38,110: INFO: weight_left = 0.5063344810024111
2024-06-17 15:30:38,345: INFO: np.sum(w_aug) = 15.999999999999996
2024-06-17 15:30:38,345: INFO: np.sum(self.kernelWeights) = 1.0
2024-06-17 15:30:38,359: INFO: phi = [-0.02661729  0.00381832  0.00228371  0.00116799 -0.01953903  0.01085722
  0.00119477 -0.00211243 -0.00203298  0.01335494 -0.01347209  0.02671547
  0.00883353  0.00036758 -0.0051109  -0.00151613]
2024-06-17 15:30:38,385: INFO: num_full_subsets = 2
2024-06-17 15:30:38,386: INFO: remaining_weight_vector = [0.22727203 0.18465852 0.16115653 0.14772682 0.14069221 0.13849389]
2024-06-17 15:30:38,386: INFO: num_paired_subset_sizes = 7
2024-06-17 15:30:38,406: INFO: weight_left = 0.5063344810024111
2024-06-17 15:30:38,640: INFO: np.sum(w_aug) = 16.0
2024-06-17 15:30:38,640: INFO: np.sum(self.kernelWeights) = 1.0000000000000002
2024-06-17 15:30:38,659: INFO: phi = [ 0.00488889  0.00381832  0.00228371 -0.00886808  0.0224337   0.01085722
 -0.00162763 -0.00211243 -0.00203298  0.01335494 -0.01347209  0.01984409
  0.0047498  -0.00056888 -0.01838814 -0.00151613]
2024-06-17 15:30:38,679: INFO: num_full_subsets = 2
2024-06-17 15:30:38,679: INFO: remaining_weight_vector = [0.22727203 0.18465852 0.16115653 0.14772682 0.14069221 0.13849389]
2024-06-17 15:30:38,679: INFO: num_paired_subset_sizes = 7
2024-06-17 15:30:38,695: INFO: weight_left = 0.5063344810024111
2024-06-17 15:30:38,906: INFO: np.sum(w_aug) = 16.0
2024-06-17 15:30:38,906: INFO: np.sum(self.kernelWeights) = 1.0
2024-06-17 15:30:38,906: INFO: phi = [ 0.00488889  0.00381832  0.00228371 -0.00886808  0.0224337   0.01085722
 -0.00162763 -0.00211243 -0.00203298  0.01335494 -0.01347209  0.01984409
 -0.00750139 -0.00056888 -0.02073352 -0.00151613]
2024-06-17 15:30:38,921: INFO: num_full_subsets = 2
2024-06-17 15:30:38,921: INFO: remaining_weight_vector = [0.22727203 0.18465852 0.16115653 0.14772682 0.14069221 0.13849389]
2024-06-17 15:30:38,921: INFO: num_paired_subset_sizes = 7
2024-06-17 15:30:38,937: INFO: weight_left = 0.5063344810024111
2024-06-17 15:30:39,178: INFO: np.sum(w_aug) = 15.999999999999996
2024-06-17 15:30:39,178: INFO: np.sum(self.kernelWeights) = 1.0000000000000002
2024-06-17 15:30:39,184: INFO: phi = [-0.02661729  0.00381832  0.00228371  0.01120406  0.0224337   0.01085722
  0.00025397 -0.00211243 -0.00203298  0.01335494 -0.01347209  0.00610132
 -0.00464278  0.00036758  0.00919989 -0.00151613]
2024-06-17 15:30:39,196: INFO: num_full_subsets = 2
2024-06-17 15:30:39,196: INFO: remaining_weight_vector = [0.22727203 0.18465852 0.16115653 0.14772682 0.14069221 0.13849389]
2024-06-17 15:30:39,196: INFO: num_paired_subset_sizes = 7
2024-06-17 15:30:39,212: INFO: weight_left = 0.5063344810024111
2024-06-17 15:30:39,473: INFO: np.sum(w_aug) = 15.999999999999996
2024-06-17 15:30:39,473: INFO: np.sum(self.kernelWeights) = 1.0000000000000002
2024-06-17 15:30:39,479: INFO: phi = [-0.02661729 -0.00356376 -0.03556064  0.01371308 -0.06151177  0.01085722
  0.00025397  0.0038642   0.0045275   0.01335494 -0.01347209 -0.04199838
  0.00460687  0.00051637  0.02271565 -0.00067647]
2024-06-17 15:30:39,500: INFO: num_full_subsets = 2
2024-06-17 15:30:39,500: INFO: remaining_weight_vector = [0.22727203 0.18465852 0.16115653 0.14772682 0.14069221 0.13849389]
2024-06-17 15:30:39,500: INFO: num_paired_subset_sizes = 7
2024-06-17 15:30:39,517: INFO: weight_left = 0.5063344810024111
2024-06-17 15:30:39,739: INFO: np.sum(w_aug) = 15.999999999999998
2024-06-17 15:30:39,739: INFO: np.sum(self.kernelWeights) = 1.0000000000000002
2024-06-17 15:30:39,742: INFO: phi = [ 0.03639507 -0.01094584  0.00228371  0.00116799  0.0224337   0.01085722
 -0.00162763  0.00087588  0.00124726 -0.09528269  0.1014369  -0.01451284
  0.00883353 -0.00063014  0.00641724  0.00772013]
2024-06-17 15:30:39,758: INFO: num_full_subsets = 2
2024-06-17 15:30:39,758: INFO: remaining_weight_vector = [0.22727203 0.18465852 0.16115653 0.14772682 0.14069221 0.13849389]
2024-06-17 15:30:39,758: INFO: num_paired_subset_sizes = 7
2024-06-17 15:30:39,774: INFO: weight_left = 0.5063344810024111
2024-06-17 15:30:39,999: INFO: np.sum(w_aug) = 15.999999999999998
2024-06-17 15:30:39,999: INFO: np.sum(self.kernelWeights) = 1.0000000000000004
2024-06-17 15:30:39,999: INFO: phi = [-0.02661729  0.00381832  0.00228371  0.00116799 -0.01953903 -0.02533351
  0.00119477 -0.00211243 -0.00203298  0.01335494 -0.01347209 -0.00764145
  0.00883353  0.00036758 -0.0051109  -0.00151613]
2024-06-17 15:30:40,032: INFO: num_full_subsets = 2
2024-06-17 15:30:40,032: INFO: remaining_weight_vector = [0.22727203 0.18465852 0.16115653 0.14772682 0.14069221 0.13849389]
2024-06-17 15:30:40,032: INFO: num_paired_subset_sizes = 7
2024-06-17 15:30:40,055: INFO: weight_left = 0.5063344810024111
2024-06-17 15:30:40,315: INFO: np.sum(w_aug) = 15.999999999999996
2024-06-17 15:30:40,315: INFO: np.sum(self.kernelWeights) = 1.0
2024-06-17 15:30:40,323: INFO: phi = [ 0.00488889  0.00381832  0.00228371 -0.00886808  0.0224337   0.00217144
 -0.0006035   0.0038642   0.00067908  0.00470014  0.00338123 -0.00166335
 -0.00157998  0.00070016 -0.00332205  0.00199518]
2024-06-17 15:30:40,346: INFO: num_full_subsets = 2
2024-06-17 15:30:40,346: INFO: remaining_weight_vector = [0.22727203 0.18465852 0.16115653 0.14772682 0.14069221 0.13849389]
2024-06-17 15:30:40,346: INFO: num_paired_subset_sizes = 7
2024-06-17 15:30:40,352: INFO: weight_left = 0.5063344810024111
2024-06-17 15:30:40,592: INFO: np.sum(w_aug) = 15.999999999999996
2024-06-17 15:30:40,592: INFO: np.sum(self.kernelWeights) = 1.0000000000000002
2024-06-17 15:30:40,597: INFO: phi = [-0.02661729  0.00381832  0.00228371  0.00116799 -0.01953903 -0.02533351
  0.00119477 -0.00211243 -0.00203298  0.01335494 -0.01347209  0.02671547
  0.00883353  0.00036758 -0.0051109  -0.00151613]
2024-06-17 15:30:40,603: INFO: num_full_subsets = 2
2024-06-17 15:30:40,618: INFO: remaining_weight_vector = [0.22727203 0.18465852 0.16115653 0.14772682 0.14069221 0.13849389]
2024-06-17 15:30:40,618: INFO: num_paired_subset_sizes = 7
2024-06-17 15:30:40,634: INFO: weight_left = 0.5063344810024111
2024-06-17 15:30:40,852: INFO: np.sum(w_aug) = 15.999999999999996
2024-06-17 15:30:40,852: INFO: np.sum(self.kernelWeights) = 1.0
2024-06-17 15:30:40,852: INFO: phi = [-0.0108642   0.00381832  0.00228371 -0.01388612  0.0224337   0.01085722
 -0.00055243  0.00087588  0.00312169 -0.05907015  0.02483091 -0.00077007
 -0.03488281 -0.0004376   0.00049416  0.00176618]
2024-06-17 15:30:40,868: INFO: num_full_subsets = 2
2024-06-17 15:30:40,883: INFO: remaining_weight_vector = [0.22727203 0.18465852 0.16115653 0.14772682 0.14069221 0.13849389]
2024-06-17 15:30:40,883: INFO: num_paired_subset_sizes = 7
2024-06-17 15:30:40,899: INFO: weight_left = 0.5063344810024111
2024-06-17 15:30:41,118: INFO: np.sum(w_aug) = 16.0
2024-06-17 15:30:41,118: INFO: np.sum(self.kernelWeights) = 1.0000000000000004
2024-06-17 15:30:41,134: INFO: phi = [-0.02661729  0.00381832  0.00228371  0.01120406  0.0224337   0.01085722
  0.00025397 -0.00211243 -0.00203298  0.01335494 -0.01347209  0.00610132
 -0.01811909  0.00036758  0.00919989 -0.00151613]
2024-06-17 15:30:41,149: INFO: num_full_subsets = 2
2024-06-17 15:30:41,149: INFO: remaining_weight_vector = [0.22727203 0.18465852 0.16115653 0.14772682 0.14069221 0.13849389]
2024-06-17 15:30:41,149: INFO: num_paired_subset_sizes = 7
2024-06-17 15:30:41,171: INFO: weight_left = 0.5063344810024111
2024-06-17 15:30:41,410: INFO: np.sum(w_aug) = 15.999999999999996
2024-06-17 15:30:41,411: INFO: np.sum(self.kernelWeights) = 1.0000000000000002
2024-06-17 15:30:41,418: INFO: phi = [-0.02661729  0.00381832  0.00228371  0.00116799  0.0224337   0.01085722
 -0.00142603  0.0038642   0.00148156  0.01335494 -0.01347209 -0.03512699
  0.00489273  0.00014878  0.01663356  0.00085019]
2024-06-17 15:30:41,443: INFO: num_full_subsets = 2
2024-06-17 15:30:41,443: INFO: remaining_weight_vector = [0.22727203 0.18465852 0.16115653 0.14772682 0.14069221 0.13849389]
2024-06-17 15:30:41,443: INFO: num_paired_subset_sizes = 7
2024-06-17 15:30:41,462: INFO: weight_left = 0.5063344810024111
2024-06-17 15:30:41,711: INFO: np.sum(w_aug) = 15.999999999999996
2024-06-17 15:30:41,711: INFO: np.sum(self.kernelWeights) = 1.0
2024-06-17 15:30:41,717: INFO: phi = [-0.0108642   0.00381832  0.00228371 -0.01388612  0.0224337   0.01085722
 -0.00055243  0.00087588  0.00312169 -0.05907015  0.02483091 -0.00077007
 -0.00319306 -0.0004376   0.00566195  0.00191885]
2024-06-17 15:30:41,740: INFO: num_full_subsets = 2
2024-06-17 15:30:41,740: INFO: remaining_weight_vector = [0.22727203 0.18465852 0.16115653 0.14772682 0.14069221 0.13849389]
2024-06-17 15:30:41,740: INFO: num_paired_subset_sizes = 7
2024-06-17 15:30:41,758: INFO: weight_left = 0.5063344810024111
2024-06-17 15:30:41,977: INFO: np.sum(w_aug) = 15.999999999999996
2024-06-17 15:30:41,977: INFO: np.sum(self.kernelWeights) = 1.0000000000000004
2024-06-17 15:30:41,977: INFO: phi = [ 2.06419824e-02  3.81831695e-03  2.28371068e-03  1.16799130e-03
  2.24337048e-02  1.08572188e-02 -1.15723054e-03  3.86419703e-03
  2.06732118e-03  1.33549363e-02 -1.34720887e-02 -7.64145389e-03
  8.83353307e-03 -6.30141290e-04 -2.10117842e-02  1.05286459e-05]
2024-06-17 15:30:41,992: INFO: num_full_subsets = 2
2024-06-17 15:30:41,992: INFO: remaining_weight_vector = [0.22727203 0.18465852 0.16115653 0.14772682 0.14069221 0.13849389]
2024-06-17 15:30:41,992: INFO: num_paired_subset_sizes = 7
2024-06-17 15:30:42,021: INFO: weight_left = 0.5063344810024111
2024-06-17 15:30:42,269: INFO: np.sum(w_aug) = 15.999999999999998
2024-06-17 15:30:42,269: INFO: np.sum(self.kernelWeights) = 1.0000000000000002
2024-06-17 15:30:42,269: INFO: phi = [ 0.00488889  0.00381832  0.00228371 -0.01388612 -0.01953903 -0.02533351
  0.00052277 -0.00211243 -0.00203298  0.01335494 -0.01347209 -0.00764145
 -0.01158512 -0.00049011 -0.01842789 -0.00151613]
2024-06-17 15:30:42,285: INFO: num_full_subsets = 2
2024-06-17 15:30:42,285: INFO: remaining_weight_vector = [0.22727203 0.18465852 0.16115653 0.14772682 0.14069221 0.13849389]
2024-06-17 15:30:42,285: INFO: num_paired_subset_sizes = 7
2024-06-17 15:30:42,316: INFO: weight_left = 0.5063344810024111
2024-06-17 15:30:42,561: INFO: np.sum(w_aug) = 16.0
2024-06-17 15:30:42,562: INFO: np.sum(self.kernelWeights) = 1.0000000000000002
2024-06-17 15:30:42,569: INFO: phi = [-0.02661729 -0.01094584  0.00228371  0.00116799  0.0224337  -0.02533351
  0.00213557 -0.00211243 -0.00203298  0.01335494 -0.01347209 -0.04199838
  0.00883353 -0.00057763  0.06246786 -0.00151613]
2024-06-17 15:30:42,592: INFO: num_full_subsets = 2
2024-06-17 15:30:42,592: INFO: remaining_weight_vector = [0.22727203 0.18465852 0.16115653 0.14772682 0.14069221 0.13849389]
2024-06-17 15:30:42,592: INFO: num_paired_subset_sizes = 7
2024-06-17 15:30:42,610: INFO: weight_left = 0.5063344810024111
2024-06-17 15:30:42,864: INFO: np.sum(w_aug) = 15.999999999999998
2024-06-17 15:30:42,864: INFO: np.sum(self.kernelWeights) = 1.0000000000000002
2024-06-17 15:30:42,870: INFO: phi = [-0.0108642  -0.00356376  0.00228371  0.00116799  0.0224337   0.01085722
 -0.00088843  0.00087588  0.00253593 -0.05907015  0.02483091  0.00610132
  0.00883353 -0.00042885  0.01289685  0.00199518]
2024-06-17 15:30:42,893: INFO: num_full_subsets = 2
2024-06-17 15:30:42,893: INFO: remaining_weight_vector = [0.22727203 0.18465852 0.16115653 0.14772682 0.14069221 0.13849389]
2024-06-17 15:30:42,893: INFO: num_paired_subset_sizes = 7
2024-06-17 15:30:42,898: INFO: weight_left = 0.5063344810024111
2024-06-17 15:30:43,117: INFO: np.sum(w_aug) = 16.0
2024-06-17 15:30:43,117: INFO: np.sum(self.kernelWeights) = 1.0000000000000004
2024-06-17 15:30:43,133: INFO: phi = [ 0.03639507 -0.02571     0.00228371  0.00116799  0.0224337   0.01085722
 -0.00162763  0.00087588  0.00124726 -0.09528269  0.1014369  -0.01451284
  0.00883353 -0.00063014 -0.04844081  0.00504849]
2024-06-17 15:30:43,149: INFO: num_full_subsets = 2
2024-06-17 15:30:43,149: INFO: remaining_weight_vector = [0.22727203 0.18465852 0.16115653 0.14772682 0.14069221 0.13849389]
2024-06-17 15:30:43,149: INFO: num_paired_subset_sizes = 7
2024-06-17 15:30:43,176: INFO: weight_left = 0.5063344810024111
2024-06-17 15:30:43,430: INFO: np.sum(w_aug) = 16.0
2024-06-17 15:30:43,430: INFO: np.sum(self.kernelWeights) = 1.0000000000000002
2024-06-17 15:30:43,436: INFO: phi = [ 0.05214817 -0.00356376  0.00228371  0.00116799  0.0224337   0.01085722
 -0.00115723  0.0038642   0.00206732  0.01335494 -0.01347209  0.01984409
  0.00883353 -0.00054262  0.0029588   0.00191885]
2024-06-17 15:30:43,460: INFO: num_full_subsets = 2
2024-06-17 15:30:43,460: INFO: remaining_weight_vector = [0.22727203 0.18465852 0.16115653 0.14772682 0.14069221 0.13849389]
2024-06-17 15:30:43,460: INFO: num_paired_subset_sizes = 7
2024-06-17 15:30:43,477: INFO: weight_left = 0.5063344810024111
2024-06-17 15:30:43,704: INFO: np.sum(w_aug) = 15.999999999999996
2024-06-17 15:30:43,704: INFO: np.sum(self.kernelWeights) = 1.0000000000000002
2024-06-17 15:30:43,704: INFO: phi = [-0.0108642  -0.02571     0.00228371  0.00116799 -0.06151177  0.00217144
 -0.0006035   0.00087588  0.00067908  0.00470014  0.00338123 -0.00166335
 -0.00157998  0.00070016 -0.00332205  0.00199518]
2024-06-17 15:30:43,720: INFO: num_full_subsets = 2
2024-06-17 15:30:43,735: INFO: remaining_weight_vector = [0.22727203 0.18465852 0.16115653 0.14772682 0.14069221 0.13849389]
2024-06-17 15:30:43,735: INFO: num_paired_subset_sizes = 7
2024-06-17 15:30:43,751: INFO: weight_left = 0.5063344810024111
2024-06-17 15:30:43,971: INFO: np.sum(w_aug) = 15.999999999999998
2024-06-17 15:30:43,971: INFO: np.sum(self.kernelWeights) = 1.0000000000000002
2024-06-17 15:30:43,987: INFO: phi = [-0.02661729  0.00381832  0.00228371  0.00116799  0.0224337  -0.02533351
  0.00213557 -0.00211243 -0.00203298  0.01335494 -0.01347209 -0.04199838
  0.00883353 -0.00057763  0.04179671 -0.00151613]
2024-06-17 15:30:44,003: INFO: num_full_subsets = 2
2024-06-17 15:30:44,003: INFO: remaining_weight_vector = [0.22727203 0.18465852 0.16115653 0.14772682 0.14069221 0.13849389]
2024-06-17 15:30:44,003: INFO: num_paired_subset_sizes = 7
2024-06-17 15:30:44,018: INFO: weight_left = 0.5063344810024111
2024-06-17 15:30:44,243: INFO: np.sum(w_aug) = 15.999999999999998
2024-06-17 15:30:44,243: INFO: np.sum(self.kernelWeights) = 1.0000000000000002
2024-06-17 15:30:44,258: INFO: phi = [-0.02661729 -0.00356376 -0.03556064  0.01371308 -0.06151177  0.01085722
  0.00025397  0.0038642   0.0045275   0.01335494 -0.01347209 -0.04199838
  0.00303463  0.00035008  0.02589582 -0.00067647]
2024-06-17 15:30:44,279: INFO: num_full_subsets = 2
2024-06-17 15:30:44,279: INFO: remaining_weight_vector = [0.22727203 0.18465852 0.16115653 0.14772682 0.14069221 0.13849389]
2024-06-17 15:30:44,279: INFO: num_paired_subset_sizes = 7
2024-06-17 15:30:44,295: INFO: weight_left = 0.5063344810024111
2024-06-17 15:30:44,521: INFO: np.sum(w_aug) = 15.999999999999996
2024-06-17 15:30:44,521: INFO: np.sum(self.kernelWeights) = 1.0000000000000002
2024-06-17 15:30:44,527: INFO: phi = [ 0.00488889  0.00381832  0.00228371  0.00116799 -0.01953903 -0.02533351
  0.00052277 -0.00211243 -0.00203298  0.01335494 -0.01347209 -0.00764145
  0.00883353 -0.00049011 -0.00117543 -0.00151613]
2024-06-17 15:30:44,547: INFO: num_full_subsets = 2
2024-06-17 15:30:44,548: INFO: remaining_weight_vector = [0.22727203 0.18465852 0.16115653 0.14772682 0.14069221 0.13849389]
2024-06-17 15:30:44,548: INFO: num_paired_subset_sizes = 7
2024-06-17 15:30:44,564: INFO: weight_left = 0.5063344810024111
2024-06-17 15:30:44,830: INFO: np.sum(w_aug) = 15.999999999999996
2024-06-17 15:30:44,830: INFO: np.sum(self.kernelWeights) = 1.0000000000000004
2024-06-17 15:30:44,837: INFO: phi = [ 0.05214817  0.00381832  0.00228371  0.00116799 -0.01953903  0.01085722
  0.00079157 -0.00211243 -0.00203298  0.01335494 -0.01347209 -0.04199838
  0.00883353  0.00028006  0.03571462 -0.00151613]
2024-06-17 15:30:44,863: INFO: num_full_subsets = 2
2024-06-17 15:30:44,864: INFO: remaining_weight_vector = [0.22727203 0.18465852 0.16115653 0.14772682 0.14069221 0.13849389]
2024-06-17 15:30:44,864: INFO: num_paired_subset_sizes = 7
2024-06-17 15:30:44,867: INFO: weight_left = 0.5063344810024111
2024-06-17 15:30:45,087: INFO: np.sum(w_aug) = 15.999999999999998
2024-06-17 15:30:45,087: INFO: np.sum(self.kernelWeights) = 1.0000000000000002
2024-06-17 15:30:45,102: INFO: phi = [ 0.00488889  0.00381832  0.00228371 -0.01388612 -0.01953903 -0.02533351
  0.00052277 -0.00211243 -0.00203298  0.01335494 -0.01347209 -0.00764145
 -0.01158512 -0.00049011 -0.01004017 -0.00151613]
2024-06-17 15:30:45,118: INFO: num_full_subsets = 2
2024-06-17 15:30:45,118: INFO: remaining_weight_vector = [0.22727203 0.18465852 0.16115653 0.14772682 0.14069221 0.13849389]
2024-06-17 15:30:45,118: INFO: num_paired_subset_sizes = 7
2024-06-17 15:30:45,145: INFO: weight_left = 0.5063344810024111
2024-06-17 15:30:45,400: INFO: np.sum(w_aug) = 15.999999999999998
2024-06-17 15:30:45,400: INFO: np.sum(self.kernelWeights) = 1.0000000000000002
2024-06-17 15:30:45,407: INFO: phi = [ 0.00488889  0.00381832  0.00228371 -0.00886808  0.0224337   0.01085722
 -0.00162763 -0.00211243 -0.00203298  0.01335494 -0.01347209  0.01984409
 -0.00341766 -0.00056888 -0.01922293 -0.00151613]
2024-06-17 15:30:45,431: INFO: num_full_subsets = 2
2024-06-17 15:30:45,431: INFO: remaining_weight_vector = [0.22727203 0.18465852 0.16115653 0.14772682 0.14069221 0.13849389]
2024-06-17 15:30:45,432: INFO: num_paired_subset_sizes = 7
2024-06-17 15:30:45,437: INFO: weight_left = 0.5063344810024111
2024-06-17 15:30:45,685: INFO: np.sum(w_aug) = 15.999999999999996
2024-06-17 15:30:45,685: INFO: np.sum(self.kernelWeights) = 1.0000000000000002
2024-06-17 15:30:45,692: INFO: phi = [ 0.00488889  0.00381832  0.00228371 -0.00886808  0.0224337   0.00217144
 -0.0006035   0.0038642   0.00067908  0.00470014  0.00338123 -0.00166335
 -0.00157998  0.00070016 -0.00332205  0.00199518]
2024-06-17 15:30:45,720: INFO: num_full_subsets = 2
2024-06-17 15:30:45,720: INFO: remaining_weight_vector = [0.22727203 0.18465852 0.16115653 0.14772682 0.14069221 0.13849389]
2024-06-17 15:30:45,720: INFO: num_paired_subset_sizes = 7
2024-06-17 15:30:45,738: INFO: weight_left = 0.5063344810024111
2024-06-17 15:30:45,977: INFO: np.sum(w_aug) = 15.999999999999996
2024-06-17 15:30:45,977: INFO: np.sum(self.kernelWeights) = 1.0000000000000002
2024-06-17 15:30:45,977: INFO: phi = [-0.02661729  0.00381832  0.00228371  0.00116799 -0.01953903 -0.02533351
  0.00119477 -0.00211243 -0.00203298  0.01335494 -0.01347209  0.02671547
  0.00883353  0.00036758  0.00768931 -0.00151613]
2024-06-17 15:30:46,008: INFO: num_full_subsets = 2
2024-06-17 15:30:46,008: INFO: remaining_weight_vector = [0.22727203 0.18465852 0.16115653 0.14772682 0.14069221 0.13849389]
2024-06-17 15:30:46,008: INFO: num_paired_subset_sizes = 7
2024-06-17 15:30:46,024: INFO: weight_left = 0.5063344810024111
2024-06-17 15:30:46,268: INFO: np.sum(w_aug) = 16.0
2024-06-17 15:30:46,268: INFO: np.sum(self.kernelWeights) = 1.0
2024-06-17 15:30:46,275: INFO: phi = [-0.0108642   0.00381832  0.00228371 -0.01388612  0.0224337   0.01085722
 -0.00055243  0.00087588  0.00312169 -0.05907015  0.02483091 -0.00077007
 -0.01538299 -0.0004376   0.00912039  0.00184251]
2024-06-17 15:30:46,297: INFO: num_full_subsets = 2
2024-06-17 15:30:46,298: INFO: remaining_weight_vector = [0.22727203 0.18465852 0.16115653 0.14772682 0.14069221 0.13849389]
2024-06-17 15:30:46,298: INFO: num_paired_subset_sizes = 7
2024-06-17 15:30:46,316: INFO: weight_left = 0.5063344810024111
2024-06-17 15:30:46,564: INFO: np.sum(w_aug) = 15.999999999999998
2024-06-17 15:30:46,564: INFO: np.sum(self.kernelWeights) = 1.0000000000000002
2024-06-17 15:30:46,571: INFO: phi = [-0.02661729  0.00381832  0.00228371  0.00116799 -0.01953903  0.01085722
  0.00119477 -0.00211243 -0.00203298  0.01335494 -0.01347209 -0.00764145
  0.00883353  0.00036758 -0.0051109  -0.00151613]
2024-06-17 15:30:46,591: INFO: num_full_subsets = 2
2024-06-17 15:30:46,591: INFO: remaining_weight_vector = [0.22727203 0.18465852 0.16115653 0.14772682 0.14069221 0.13849389]
2024-06-17 15:30:46,592: INFO: num_paired_subset_sizes = 7
2024-06-17 15:30:46,602: INFO: weight_left = 0.5063344810024111
2024-06-17 15:30:46,851: INFO: np.sum(w_aug) = 16.0
2024-06-17 15:30:46,851: INFO: np.sum(self.kernelWeights) = 1.0000000000000002
2024-06-17 15:30:46,858: INFO: phi = [-0.02661729  0.00381832  0.00228371  0.01120406 -0.01953903 -0.02533351
  0.00119477 -0.00211243 -0.00203298  0.01335494 -0.01347209  0.02671547
 -0.01811909  0.00036758 -0.00626371 -0.00151613]
2024-06-17 15:30:46,879: INFO: num_full_subsets = 2
2024-06-17 15:30:46,879: INFO: remaining_weight_vector = [0.22727203 0.18465852 0.16115653 0.14772682 0.14069221 0.13849389]
2024-06-17 15:30:46,879: INFO: num_paired_subset_sizes = 7
2024-06-17 15:30:46,900: INFO: weight_left = 0.5063344810024111
2024-06-17 15:30:47,148: INFO: np.sum(w_aug) = 15.999999999999996
2024-06-17 15:30:47,148: INFO: np.sum(self.kernelWeights) = 1.0000000000000004
2024-06-17 15:30:47,149: INFO: phi = [-0.02661729  0.00381832  0.00228371  0.00116799  0.0224337   0.01085722
  0.00025397 -0.00211243 -0.00203298  0.01335494 -0.01347209  0.00610132
  0.00883353  0.00036758  0.00919989 -0.00151613]
2024-06-17 15:30:47,165: INFO: num_full_subsets = 2
2024-06-17 15:30:47,165: INFO: remaining_weight_vector = [0.22727203 0.18465852 0.16115653 0.14772682 0.14069221 0.13849389]
2024-06-17 15:30:47,165: INFO: num_paired_subset_sizes = 7
2024-06-17 15:30:47,190: INFO: weight_left = 0.5063344810024111
2024-06-17 15:30:47,424: INFO: np.sum(w_aug) = 16.0
2024-06-17 15:30:47,424: INFO: np.sum(self.kernelWeights) = 1.0000000000000004
2024-06-17 15:30:47,430: INFO: phi = [ 0.05214817  0.00381832 -0.01663846  0.00116799  0.0224337   0.01085722
  0.00159797 -0.00211243 -0.00203298  0.01335494 -0.01347209 -0.02138422
 -0.00648046 -0.00054262 -0.02101178 -0.00151613]
2024-06-17 15:30:47,451: INFO: num_full_subsets = 2
2024-06-17 15:30:47,451: INFO: remaining_weight_vector = [0.22727203 0.18465852 0.16115653 0.14772682 0.14069221 0.13849389]
2024-06-17 15:30:47,451: INFO: num_paired_subset_sizes = 7
2024-06-17 15:30:47,469: INFO: weight_left = 0.5063344810024111
2024-06-17 15:30:47,695: INFO: np.sum(w_aug) = 15.999999999999996
2024-06-17 15:30:47,695: INFO: np.sum(self.kernelWeights) = 1.0000000000000002
2024-06-17 15:30:47,695: INFO: phi = [ 0.00488889  0.00381832  0.00228371 -0.00886808  0.0224337   0.00217144
 -0.0006035   0.0038642   0.00067908  0.00470014  0.00338123 -0.00166335
 -0.00157998  0.00070016 -0.00332205  0.00199518]
2024-06-17 15:30:47,711: INFO: num_full_subsets = 2
2024-06-17 15:30:47,711: INFO: remaining_weight_vector = [0.22727203 0.18465852 0.16115653 0.14772682 0.14069221 0.13849389]
2024-06-17 15:30:47,711: INFO: num_paired_subset_sizes = 7
2024-06-17 15:30:47,742: INFO: weight_left = 0.5063344810024111
2024-06-17 15:30:47,962: INFO: np.sum(w_aug) = 15.999999999999996
2024-06-17 15:30:47,962: INFO: np.sum(self.kernelWeights) = 1.0000000000000004
2024-06-17 15:30:47,962: INFO: phi = [ 0.05214817 -0.01094584  0.00228371 -0.00635906 -0.06151177  0.00217144
 -0.0006035  -0.00211243  0.00067908  0.00470014  0.00338123 -0.00166335
 -0.00157998  0.00070016 -0.00332205  0.00199518]
2024-06-17 15:30:47,995: INFO: num_full_subsets = 2
2024-06-17 15:30:47,995: INFO: remaining_weight_vector = [0.22727203 0.18465852 0.16115653 0.14772682 0.14069221 0.13849389]
2024-06-17 15:30:47,995: INFO: num_paired_subset_sizes = 7
2024-06-17 15:30:48,008: INFO: weight_left = 0.5063344810024111
2024-06-17 15:30:48,243: INFO: np.sum(w_aug) = 15.999999999999998
2024-06-17 15:30:48,243: INFO: np.sum(self.kernelWeights) = 1.0
2024-06-17 15:30:48,243: INFO: phi = [ 0.00488889  0.00381832  0.00228371 -0.00886808  0.0224337   0.00217144
 -0.0006035   0.0038642   0.00067908  0.00470014  0.00338123 -0.00166335
 -0.00157998  0.00070016 -0.00332205  0.00199518]
2024-06-17 15:30:48,274: INFO: num_full_subsets = 2
2024-06-17 15:30:48,274: INFO: remaining_weight_vector = [0.22727203 0.18465852 0.16115653 0.14772682 0.14069221 0.13849389]
2024-06-17 15:30:48,274: INFO: num_paired_subset_sizes = 7
2024-06-17 15:30:48,289: INFO: weight_left = 0.5063344810024111
2024-06-17 15:30:48,507: INFO: np.sum(w_aug) = 15.999999999999996
2024-06-17 15:30:48,507: INFO: np.sum(self.kernelWeights) = 1.0000000000000004
2024-06-17 15:30:48,526: INFO: phi = [ 0.05214817  0.00381832  0.00228371  0.00116799 -0.01953903 -0.02533351
  0.00079157 -0.00211243 -0.00203298  0.01335494 -0.01347209 -0.04199838
  0.00883353  0.00028006  0.03571462 -0.00151613]
2024-06-17 15:30:48,547: INFO: num_full_subsets = 2
2024-06-17 15:30:48,547: INFO: remaining_weight_vector = [0.22727203 0.18465852 0.16115653 0.14772682 0.14069221 0.13849389]
2024-06-17 15:30:48,547: INFO: num_paired_subset_sizes = 7
2024-06-17 15:30:48,555: INFO: weight_left = 0.5063344810024111
2024-06-17 15:30:48,784: INFO: np.sum(w_aug) = 15.999999999999996
2024-06-17 15:30:48,784: INFO: np.sum(self.kernelWeights) = 1.0000000000000002
2024-06-17 15:30:48,791: INFO: phi = [-0.02661729  0.00381832  0.00228371  0.01120406  0.0224337   0.01085722
  0.00025397 -0.00211243 -0.00203298  0.01335494 -0.01347209  0.00610132
  0.00209538  0.00036758  0.00919989 -0.00151613]
2024-06-17 15:30:48,811: INFO: num_full_subsets = 2
2024-06-17 15:30:48,811: INFO: remaining_weight_vector = [0.22727203 0.18465852 0.16115653 0.14772682 0.14069221 0.13849389]
2024-06-17 15:30:48,811: INFO: num_paired_subset_sizes = 7
2024-06-17 15:30:48,821: INFO: weight_left = 0.5063344810024111
2024-06-17 15:30:49,061: INFO: np.sum(w_aug) = 15.999999999999996
2024-06-17 15:30:49,061: INFO: np.sum(self.kernelWeights) = 1.0000000000000002
2024-06-17 15:30:49,061: INFO: phi = [ 0.05214817  0.00381832 -0.01663846  0.00116799  0.0224337   0.01085722
  0.00159797  0.0038642   0.00687054  0.01335494 -0.01347209  0.00610132
 -0.00648046 -0.00054262 -0.02101178 -0.0005238 ]
2024-06-17 16:31:49,736: INFO: Note: NumExpr detected 12 cores but "NUMEXPR_MAX_THREADS" not set, so enforcing safe limit of 8.
2024-06-17 16:31:49,736: INFO: NumExpr defaulting to 8 threads.
2024-06-17 16:55:43,848: INFO: num_full_subsets = 2
2024-06-17 16:55:43,848: INFO: remaining_weight_vector = [0.22727203 0.18465852 0.16115653 0.14772682 0.14069221 0.13849389]
2024-06-17 16:55:43,848: INFO: num_paired_subset_sizes = 7
2024-06-17 16:55:43,868: INFO: weight_left = 0.5063344810024111
2024-06-17 16:55:44,114: INFO: np.sum(w_aug) = 15.999999999999996
2024-06-17 16:55:44,114: INFO: np.sum(self.kernelWeights) = 1.0000000000000002
2024-06-17 16:55:44,121: INFO: phi = [-0.02663961  0.00374299  0.00235004  0.01128912 -0.01981791 -0.02604804
  0.00158928 -0.00201964 -0.00208484  0.01345911 -0.0134763   0.02666856
 -0.01130787  0.00043479 -0.00666094 -0.00157144]
2024-06-17 16:55:44,148: INFO: num_full_subsets = 2
2024-06-17 16:55:44,149: INFO: remaining_weight_vector = [0.22727203 0.18465852 0.16115653 0.14772682 0.14069221 0.13849389]
2024-06-17 16:55:44,149: INFO: num_paired_subset_sizes = 7
2024-06-17 16:55:44,165: INFO: weight_left = 0.5063344810024111
2024-06-17 16:55:44,415: INFO: np.sum(w_aug) = 15.999999999999996
2024-06-17 16:55:44,415: INFO: np.sum(self.kernelWeights) = 1.0000000000000002
2024-06-17 16:55:44,421: INFO: phi = [ 0.00489299  0.00374299  0.00235004 -0.00893541  0.0227539   0.01116345
 -0.00216507 -0.00201964 -0.00208484  0.01345911 -0.0134763   0.01980924
  0.00066179 -0.00067289 -0.02216361 -0.00157144]
2024-06-17 16:55:44,444: INFO: num_full_subsets = 2
2024-06-17 16:55:44,444: INFO: remaining_weight_vector = [0.22727203 0.18465852 0.16115653 0.14772682 0.14069221 0.13849389]
2024-06-17 16:55:44,444: INFO: num_paired_subset_sizes = 7
2024-06-17 16:55:44,463: INFO: weight_left = 0.5063344810024111
2024-06-17 16:55:44,695: INFO: np.sum(w_aug) = 15.999999999999996
2024-06-17 16:55:44,695: INFO: np.sum(self.kernelWeights) = 1.0000000000000002
2024-06-17 16:55:44,702: INFO: phi = [ 0.00489299  0.00374299  0.00235004 -0.00893541  0.0227539   0.00223269
 -0.00080278  0.00369446  0.0006964   0.0047368   0.00338229 -0.00166043
 -0.00156984  0.00082817 -0.0033219   0.00206797]
2024-06-17 16:55:44,723: INFO: num_full_subsets = 2
2024-06-17 16:55:44,724: INFO: remaining_weight_vector = [0.22727203 0.18465852 0.16115653 0.14772682 0.14069221 0.13849389]
2024-06-17 16:55:44,724: INFO: num_paired_subset_sizes = 7
2024-06-17 16:55:44,741: INFO: weight_left = 0.5063344810024111
2024-06-17 16:55:44,978: INFO: np.sum(w_aug) = 16.0
2024-06-17 16:55:44,978: INFO: np.sum(self.kernelWeights) = 1.0000000000000002
2024-06-17 16:55:44,982: INFO: phi = [-0.01087331  0.00374299  0.00235004 -0.01399154  0.0227539   0.01116345
 -0.00019851  0.00083741  0.00392215 -0.05953093  0.10146861  0.0060906
 -0.01556827 -0.00050725  0.00315742  0.00080209]
2024-06-17 16:55:45,003: INFO: num_full_subsets = 2
2024-06-17 16:55:45,003: INFO: remaining_weight_vector = [0.22727203 0.18465852 0.16115653 0.14772682 0.14069221 0.13849389]
2024-06-17 16:55:45,003: INFO: num_paired_subset_sizes = 7
2024-06-17 16:55:45,026: INFO: weight_left = 0.5063344810024111
2024-06-17 16:55:45,239: INFO: np.sum(w_aug) = 15.999999999999996
2024-06-17 16:55:45,239: INFO: np.sum(self.kernelWeights) = 1.0000000000000002
2024-06-17 16:55:45,256: INFO: phi = [ 0.00489299  0.00374299  0.00235004 -0.00893541  0.0227539   0.01116345
 -0.00216507 -0.00201964 -0.00208484  0.01345911 -0.0134763   0.01980924
 -0.01151075 -0.00067289 -0.02319712 -0.00157144]
2024-06-17 16:55:45,274: INFO: num_full_subsets = 2
2024-06-17 16:55:45,274: INFO: remaining_weight_vector = [0.22727203 0.18465852 0.16115653 0.14772682 0.14069221 0.13849389]
2024-06-17 16:55:45,274: INFO: num_paired_subset_sizes = 7
2024-06-17 16:55:45,295: INFO: weight_left = 0.5063344810024111
2024-06-17 16:55:45,520: INFO: np.sum(w_aug) = 15.999999999999995
2024-06-17 16:55:45,521: INFO: np.sum(self.kernelWeights) = 1.0000000000000002
2024-06-17 16:55:45,524: INFO: phi = [-1.08733118e-02  3.74299043e-03  2.35003600e-03  1.17685824e-03
  2.27538988e-02  1.11634454e-02 -1.98505763e-04  3.69445983e-03
  3.92214613e-03  1.34591121e-02 -1.34763002e-02 -4.19246341e-02
  8.77682482e-03 -7.76410063e-04  1.77060757e-02  9.00303381e-05]
2024-06-17 16:55:45,548: INFO: num_full_subsets = 2
2024-06-17 16:55:45,548: INFO: remaining_weight_vector = [0.22727203 0.18465852 0.16115653 0.14772682 0.14069221 0.13849389]
2024-06-17 16:55:45,548: INFO: num_paired_subset_sizes = 7
2024-06-17 16:55:45,558: INFO: weight_left = 0.5063344810024111
2024-06-17 16:55:45,795: INFO: np.sum(w_aug) = 16.0
2024-06-17 16:55:45,795: INFO: np.sum(self.kernelWeights) = 1.0000000000000002
2024-06-17 16:55:45,801: INFO: phi = [ 0.0521919   0.00374299  0.00235004  0.00117686 -0.01981791  0.01116345
  0.00105294 -0.00201964 -0.00208484  0.01345911 -0.0134763   0.0403872
  0.00877682  0.00033127  0.03571302 -0.00157144]
2024-06-17 16:55:45,823: INFO: num_full_subsets = 2
2024-06-17 16:55:45,823: INFO: remaining_weight_vector = [0.22727203 0.18465852 0.16115653 0.14772682 0.14069221 0.13849389]
2024-06-17 16:55:45,823: INFO: num_paired_subset_sizes = 7
2024-06-17 16:55:45,841: INFO: weight_left = 0.5063344810024111
2024-06-17 16:55:46,092: INFO: np.sum(w_aug) = 15.999999999999996
2024-06-17 16:55:46,092: INFO: np.sum(self.kernelWeights) = 1.0
2024-06-17 16:55:46,098: INFO: phi = [ 0.00489299  0.00374299  0.00235004  0.00117686  0.0227539   0.01116345
 -0.00216507 -0.00201964 -0.00208484  0.01345911 -0.0134763   0.01980924
  0.00877682 -0.00067289 -0.01520728 -0.00157144]
2024-06-17 16:55:46,114: INFO: num_full_subsets = 2
2024-06-17 16:55:46,114: INFO: remaining_weight_vector = [0.22727203 0.18465852 0.16115653 0.14772682 0.14069221 0.13849389]
2024-06-17 16:55:46,114: INFO: num_paired_subset_sizes = 7
2024-06-17 16:55:46,134: INFO: weight_left = 0.5063344810024111
2024-06-17 16:55:46,337: INFO: np.sum(w_aug) = 15.999999999999996
2024-06-17 16:55:46,337: INFO: np.sum(self.kernelWeights) = 1.0
2024-06-17 16:55:46,354: INFO: phi = [ 0.00489299  0.00374299  0.00235004  0.00117686  0.0227539   0.00223269
 -0.00080278  0.00369446  0.0006964   0.0047368   0.00338229 -0.00166043
 -0.00156984  0.00082817 -0.0033219   0.00206797]
2024-06-17 16:55:46,374: INFO: num_full_subsets = 2
2024-06-17 16:55:46,374: INFO: remaining_weight_vector = [0.22727203 0.18465852 0.16115653 0.14772682 0.14069221 0.13849389]
2024-06-17 16:55:46,374: INFO: num_paired_subset_sizes = 7
2024-06-17 16:55:46,391: INFO: weight_left = 0.5063344810024111
2024-06-17 16:55:46,625: INFO: np.sum(w_aug) = 15.999999999999998
2024-06-17 16:55:46,625: INFO: np.sum(self.kernelWeights) = 1.0000000000000002
2024-06-17 16:55:46,633: INFO: phi = [-0.02663961  0.00374299  0.00235004  0.01128912 -0.01981791 -0.02604804
  0.00158928 -0.00201964 -0.00208484  0.01345911 -0.0134763   0.02666856
  0.00208192  0.00043479  0.00768897 -0.00157144]
2024-06-17 16:55:46,657: INFO: num_full_subsets = 2
2024-06-17 16:55:46,657: INFO: remaining_weight_vector = [0.22727203 0.18465852 0.16115653 0.14772682 0.14069221 0.13849389]
2024-06-17 16:55:46,657: INFO: num_paired_subset_sizes = 7
2024-06-17 16:55:46,674: INFO: weight_left = 0.5063344810024111
2024-06-17 16:55:46,910: INFO: np.sum(w_aug) = 15.999999999999996
2024-06-17 16:55:46,910: INFO: np.sum(self.kernelWeights) = 1.0000000000000002
2024-06-17 16:55:46,916: INFO: phi = [ 0.03642559 -0.0252028   0.00235004  0.00117686  0.0227539   0.01116345
 -0.00216507  0.00083741  0.00127907 -0.09602595  0.10146861 -0.01448736
  0.00877682 -0.00074535 -0.07069888  0.0044415 ]
2024-06-17 16:55:46,930: INFO: num_full_subsets = 2
2024-06-17 16:55:46,930: INFO: remaining_weight_vector = [0.22727203 0.18465852 0.16115653 0.14772682 0.14069221 0.13849389]
2024-06-17 16:55:46,930: INFO: num_paired_subset_sizes = 7
2024-06-17 16:55:46,946: INFO: weight_left = 0.5063344810024111
2024-06-17 16:55:47,191: INFO: np.sum(w_aug) = 15.999999999999996
2024-06-17 16:55:47,191: INFO: np.sum(self.kernelWeights) = 1.0000000000000002
2024-06-17 16:55:47,196: INFO: phi = [-0.02663961  0.00374299  0.00235004  0.01128912 -0.01981791 -0.02604804
  0.00158928 -0.00201964 -0.00208484  0.01345911 -0.0134763   0.02666856
 -0.00461297  0.00043479 -0.00638269 -0.00157144]
2024-06-17 16:55:47,215: INFO: num_full_subsets = 2
2024-06-17 16:55:47,215: INFO: remaining_weight_vector = [0.22727203 0.18465852 0.16115653 0.14772682 0.14069221 0.13849389]
2024-06-17 16:55:47,215: INFO: num_paired_subset_sizes = 7
2024-06-17 16:55:47,225: INFO: weight_left = 0.5063344810024111
2024-06-17 16:55:47,494: INFO: np.sum(w_aug) = 15.999999999999996
2024-06-17 16:55:47,495: INFO: np.sum(self.kernelWeights) = 1.0000000000000002
2024-06-17 16:55:47,496: INFO: phi = [-0.02663961  0.00374299  0.00235004  0.01381719 -0.06238972  0.01116345
  0.00033783  0.00369446  0.00464298  0.01345911 -0.0134763  -0.04192463
  0.00812762  0.00061078  0.01555955 -0.00070115]
2024-06-17 16:55:47,517: INFO: num_full_subsets = 2
2024-06-17 16:55:47,517: INFO: remaining_weight_vector = [0.22727203 0.18465852 0.16115653 0.14772682 0.14069221 0.13849389]
2024-06-17 16:55:47,517: INFO: num_paired_subset_sizes = 7
2024-06-17 16:55:47,536: INFO: weight_left = 0.5063344810024111
2024-06-17 16:55:47,764: INFO: np.sum(w_aug) = 15.999999999999996
2024-06-17 16:55:47,764: INFO: np.sum(self.kernelWeights) = 1.0
2024-06-17 16:55:47,770: INFO: phi = [ 0.0521919   0.00374299 -0.01712169  0.01128912  0.0227539   0.01116345
  0.00212561  0.00369446  0.00704578  0.01345911 -0.0134763   0.0060906
  0.00877682 -0.00064183 -0.02101084 -0.00054291]
2024-06-17 16:55:47,790: INFO: num_full_subsets = 2
2024-06-17 16:55:47,790: INFO: remaining_weight_vector = [0.22727203 0.18465852 0.16115653 0.14772682 0.14069221 0.13849389]
2024-06-17 16:55:47,790: INFO: num_paired_subset_sizes = 7
2024-06-17 16:55:47,806: INFO: weight_left = 0.5063344810024111
2024-06-17 16:55:48,034: INFO: np.sum(w_aug) = 15.999999999999998
2024-06-17 16:55:48,034: INFO: np.sum(self.kernelWeights) = 1.0000000000000002
2024-06-17 16:55:48,041: INFO: phi = [-0.02663961 -0.01072991  0.00235004  0.00117686 -0.01981791 -0.02604804
  0.00225076 -0.00201964 -0.00208484  0.01345911 -0.0134763   0.0595933
  0.00877682 -0.00039338  0.04867166 -0.00157144]
2024-06-17 16:55:48,060: INFO: num_full_subsets = 2
2024-06-17 16:55:48,061: INFO: remaining_weight_vector = [0.22727203 0.18465852 0.16115653 0.14772682 0.14069221 0.13849389]
2024-06-17 16:55:48,061: INFO: num_paired_subset_sizes = 7
2024-06-17 16:55:48,077: INFO: weight_left = 0.5063344810024111
2024-06-17 16:55:48,301: INFO: np.sum(w_aug) = 15.999999999999996
2024-06-17 16:55:48,301: INFO: np.sum(self.kernelWeights) = 1.0000000000000002
2024-06-17 16:55:48,307: INFO: phi = [-0.02663961  0.00374299  0.00235004  0.01128912  0.0227539   0.01116345
 -0.00153934  0.00369446 -0.00208484  0.01345911 -0.0134763  -0.00076872
  0.00066179 -0.00074535 -0.01337876  0.0004065 ]
2024-06-17 16:55:48,330: INFO: num_full_subsets = 2
2024-06-17 16:55:48,331: INFO: remaining_weight_vector = [0.22727203 0.18465852 0.16115653 0.14772682 0.14069221 0.13849389]
2024-06-17 16:55:48,331: INFO: num_paired_subset_sizes = 7
2024-06-17 16:55:48,346: INFO: weight_left = 0.5063344810024111
2024-06-17 16:55:48,582: INFO: np.sum(w_aug) = 15.999999999999996
2024-06-17 16:55:48,582: INFO: np.sum(self.kernelWeights) = 1.0000000000000002
2024-06-17 16:55:48,588: INFO: phi = [ 0.0521919  -0.01072991  0.00235004 -0.00640734 -0.06238972  0.00223269
 -0.00080278 -0.00201964  0.0006964   0.0047368   0.00338229 -0.00166043
 -0.00156984  0.00082817 -0.0033219   0.00206797]
2024-06-17 16:55:48,609: INFO: num_full_subsets = 2
2024-06-17 16:55:48,609: INFO: remaining_weight_vector = [0.22727203 0.18465852 0.16115653 0.14772682 0.14069221 0.13849389]
2024-06-17 16:55:48,609: INFO: num_paired_subset_sizes = 7
2024-06-17 16:55:48,626: INFO: weight_left = 0.5063344810024111
2024-06-17 16:55:48,847: INFO: np.sum(w_aug) = 15.999999999999998
2024-06-17 16:55:48,847: INFO: np.sum(self.kernelWeights) = 1.0000000000000004
2024-06-17 16:55:48,853: INFO: phi = [-0.01087331 -0.0252028   0.00235004  0.00117686 -0.06238972  0.00223269
 -0.00080278 -0.00201964  0.0006964   0.0047368   0.00338229 -0.00166043
 -0.00156984  0.00082817 -0.0033219   0.00206797]
2024-06-17 16:55:48,873: INFO: num_full_subsets = 2
2024-06-17 16:55:48,873: INFO: remaining_weight_vector = [0.22727203 0.18465852 0.16115653 0.14772682 0.14069221 0.13849389]
2024-06-17 16:55:48,873: INFO: num_paired_subset_sizes = 7
2024-06-17 16:55:48,885: INFO: weight_left = 0.5063344810024111
2024-06-17 16:55:49,123: INFO: np.sum(w_aug) = 15.999999999999996
2024-06-17 16:55:49,123: INFO: np.sum(self.kernelWeights) = 1.0
2024-06-17 16:55:49,128: INFO: phi = [-0.02663961  0.00374299  0.00235004  0.01128912 -0.01981791 -0.02604804
  0.00158928 -0.00201964 -0.00208484  0.01345911 -0.0134763   0.02666856
 -0.02469767  0.00043479 -0.01337876 -0.00157144]
2024-06-17 16:55:49,150: INFO: num_full_subsets = 2
2024-06-17 16:55:49,150: INFO: remaining_weight_vector = [0.22727203 0.18465852 0.16115653 0.14772682 0.14069221 0.13849389]
2024-06-17 16:55:49,150: INFO: num_paired_subset_sizes = 7
2024-06-17 16:55:49,168: INFO: weight_left = 0.5063344810024111
2024-06-17 16:55:49,415: INFO: np.sum(w_aug) = 15.999999999999998
2024-06-17 16:55:49,415: INFO: np.sum(self.kernelWeights) = 1.0
2024-06-17 16:55:49,420: INFO: phi = [-0.02663961  0.00374299  0.00235004  0.00117686 -0.01981791  0.01116345
  0.00158928 -0.00201964 -0.00208484  0.01345911 -0.0134763   0.02666856
  0.00877682  0.00043479 -0.00511067 -0.00157144]
2024-06-17 16:55:49,444: INFO: num_full_subsets = 2
2024-06-17 16:55:49,444: INFO: remaining_weight_vector = [0.22727203 0.18465852 0.16115653 0.14772682 0.14069221 0.13849389]
2024-06-17 16:55:49,444: INFO: num_paired_subset_sizes = 7
2024-06-17 16:55:49,454: INFO: weight_left = 0.5063344810024111
2024-06-17 16:55:49,684: INFO: np.sum(w_aug) = 15.999999999999996
2024-06-17 16:55:49,684: INFO: np.sum(self.kernelWeights) = 1.0000000000000002
2024-06-17 16:55:49,684: INFO: phi = [ 0.00489299  0.00374299  0.00235004 -0.00893541  0.0227539   0.01116345
 -0.00216507 -0.00201964 -0.00208484  0.01345911 -0.0134763   0.01980924
  0.00471931 -0.00067289 -0.01838732 -0.00157144]
2024-06-17 16:55:49,718: INFO: num_full_subsets = 2
2024-06-17 16:55:49,718: INFO: remaining_weight_vector = [0.22727203 0.18465852 0.16115653 0.14772682 0.14069221 0.13849389]
2024-06-17 16:55:49,718: INFO: num_paired_subset_sizes = 7
2024-06-17 16:55:49,727: INFO: weight_left = 0.5063344810024111
2024-06-17 16:55:49,963: INFO: np.sum(w_aug) = 15.999999999999996
2024-06-17 16:55:49,963: INFO: np.sum(self.kernelWeights) = 1.0000000000000002
2024-06-17 16:55:49,968: INFO: phi = [ 0.00489299  0.00374299  0.00235004 -0.00893541  0.0227539   0.01116345
 -0.00216507 -0.00201964 -0.00208484  0.01345911 -0.0134763   0.01980924
 -0.00745324 -0.00067289 -0.02073259 -0.00157144]
2024-06-17 16:55:49,991: INFO: num_full_subsets = 2
2024-06-17 16:55:49,991: INFO: remaining_weight_vector = [0.22727203 0.18465852 0.16115653 0.14772682 0.14069221 0.13849389]
2024-06-17 16:55:49,991: INFO: num_paired_subset_sizes = 7
2024-06-17 16:55:50,007: INFO: weight_left = 0.5063344810024111
2024-06-17 16:55:50,238: INFO: np.sum(w_aug) = 15.999999999999996
2024-06-17 16:55:50,238: INFO: np.sum(self.kernelWeights) = 1.0000000000000002
2024-06-17 16:55:50,243: INFO: phi = [-0.02663961  0.00374299  0.00235004  0.01128912  0.0227539   0.01116345
  0.00033783 -0.00201964 -0.00208484  0.01345911 -0.0134763   0.0060906
 -0.00461297  0.00043479  0.00919948 -0.00157144]
2024-06-17 16:55:50,261: INFO: num_full_subsets = 2
2024-06-17 16:55:50,261: INFO: remaining_weight_vector = [0.22727203 0.18465852 0.16115653 0.14772682 0.14069221 0.13849389]
2024-06-17 16:55:50,261: INFO: num_paired_subset_sizes = 7
2024-06-17 16:55:50,278: INFO: weight_left = 0.5063344810024111
2024-06-17 16:55:50,516: INFO: np.sum(w_aug) = 15.999999999999996
2024-06-17 16:55:50,516: INFO: np.sum(self.kernelWeights) = 1.0
2024-06-17 16:55:50,523: INFO: phi = [-0.02663961 -0.00349346 -0.03659342  0.01381719 -0.06238972  0.01116345
  0.00033783  0.00369446  0.00464298  0.01345911 -0.0134763  -0.04192463
  0.0045773   0.00061078  0.02271463 -0.00070115]
2024-06-17 16:55:50,545: INFO: num_full_subsets = 2
2024-06-17 16:55:50,545: INFO: remaining_weight_vector = [0.22727203 0.18465852 0.16115653 0.14772682 0.14069221 0.13849389]
2024-06-17 16:55:50,545: INFO: num_paired_subset_sizes = 7
2024-06-17 16:55:50,567: INFO: weight_left = 0.5063344810024111
2024-06-17 16:55:50,794: INFO: np.sum(w_aug) = 15.999999999999996
2024-06-17 16:55:50,794: INFO: np.sum(self.kernelWeights) = 1.0
2024-06-17 16:55:50,812: INFO: phi = [ 0.03642559 -0.01072991  0.00235004  0.00117686  0.0227539   0.01116345
 -0.00216507  0.00083741  0.00127907 -0.09602595  0.10146861 -0.01448736
  0.00877682 -0.00074535  0.00641695  0.00800179]
2024-06-17 16:55:50,834: INFO: num_full_subsets = 2
2024-06-17 16:55:50,834: INFO: remaining_weight_vector = [0.22727203 0.18465852 0.16115653 0.14772682 0.14069221 0.13849389]
2024-06-17 16:55:50,834: INFO: num_paired_subset_sizes = 7
2024-06-17 16:55:50,850: INFO: weight_left = 0.5063344810024111
2024-06-17 16:55:51,069: INFO: np.sum(w_aug) = 15.999999999999996
2024-06-17 16:55:51,069: INFO: np.sum(self.kernelWeights) = 1.0000000000000002
2024-06-17 16:55:51,069: INFO: phi = [-0.02663961  0.00374299  0.00235004  0.00117686 -0.01981791 -0.02604804
  0.00158928 -0.00201964 -0.00208484  0.01345911 -0.0134763  -0.00762804
  0.00877682  0.00043479 -0.00511067 -0.00157144]
2024-06-17 16:55:51,085: INFO: num_full_subsets = 2
2024-06-17 16:55:51,085: INFO: remaining_weight_vector = [0.22727203 0.18465852 0.16115653 0.14772682 0.14069221 0.13849389]
2024-06-17 16:55:51,085: INFO: num_paired_subset_sizes = 7
2024-06-17 16:55:51,101: INFO: weight_left = 0.5063344810024111
2024-06-17 16:55:51,315: INFO: np.sum(w_aug) = 16.0
2024-06-17 16:55:51,315: INFO: np.sum(self.kernelWeights) = 1.0
2024-06-17 16:55:51,330: INFO: phi = [ 0.00489299  0.00374299  0.00235004 -0.00893541  0.0227539   0.00223269
 -0.00080278  0.00369446  0.0006964   0.0047368   0.00338229 -0.00166043
 -0.00156984  0.00082817 -0.0033219   0.00206797]
2024-06-17 16:55:51,359: INFO: num_full_subsets = 2
2024-06-17 16:55:51,359: INFO: remaining_weight_vector = [0.22727203 0.18465852 0.16115653 0.14772682 0.14069221 0.13849389]
2024-06-17 16:55:51,359: INFO: num_paired_subset_sizes = 7
2024-06-17 16:55:51,374: INFO: weight_left = 0.5063344810024111
2024-06-17 16:55:51,597: INFO: np.sum(w_aug) = 15.999999999999998
2024-06-17 16:55:51,597: INFO: np.sum(self.kernelWeights) = 1.0000000000000002
2024-06-17 16:55:51,597: INFO: phi = [-0.02663961  0.00374299  0.00235004  0.00117686 -0.01981791 -0.02604804
  0.00158928 -0.00201964 -0.00208484  0.01345911 -0.0134763   0.02666856
  0.00877682  0.00043479 -0.00511067 -0.00157144]
2024-06-17 16:55:51,623: INFO: num_full_subsets = 2
2024-06-17 16:55:51,623: INFO: remaining_weight_vector = [0.22727203 0.18465852 0.16115653 0.14772682 0.14069221 0.13849389]
2024-06-17 16:55:51,623: INFO: num_paired_subset_sizes = 7
2024-06-17 16:55:51,638: INFO: weight_left = 0.5063344810024111
2024-06-17 16:55:51,871: INFO: np.sum(w_aug) = 16.0
2024-06-17 16:55:51,871: INFO: np.sum(self.kernelWeights) = 1.0
2024-06-17 16:55:51,876: INFO: phi = [-0.01087331  0.00374299  0.00235004 -0.01399154  0.0227539   0.01116345
 -0.00073484  0.00083741  0.00320131 -0.05953093  0.02483867 -0.00076872
 -0.03465887 -0.00051761  0.00049414  0.00183062]
2024-06-17 16:55:51,893: INFO: num_full_subsets = 2
2024-06-17 16:55:51,893: INFO: remaining_weight_vector = [0.22727203 0.18465852 0.16115653 0.14772682 0.14069221 0.13849389]
2024-06-17 16:55:51,893: INFO: num_paired_subset_sizes = 7
2024-06-17 16:55:51,913: INFO: weight_left = 0.5063344810024111
2024-06-17 16:55:52,135: INFO: np.sum(w_aug) = 15.999999999999998
2024-06-17 16:55:52,135: INFO: np.sum(self.kernelWeights) = 1.0000000000000002
2024-06-17 16:55:52,135: INFO: phi = [-0.02663961  0.00374299  0.00235004  0.01128912  0.0227539   0.01116345
  0.00033783 -0.00201964 -0.00208484  0.01345911 -0.0134763   0.0060906
 -0.01800277  0.00043479  0.00919948 -0.00157144]
2024-06-17 16:55:52,166: INFO: num_full_subsets = 2
2024-06-17 16:55:52,166: INFO: remaining_weight_vector = [0.22727203 0.18465852 0.16115653 0.14772682 0.14069221 0.13849389]
2024-06-17 16:55:52,166: INFO: num_paired_subset_sizes = 7
2024-06-17 16:55:52,199: INFO: weight_left = 0.5063344810024111
2024-06-17 16:55:52,430: INFO: np.sum(w_aug) = 15.999999999999998
2024-06-17 16:55:52,431: INFO: np.sum(self.kernelWeights) = 1.0000000000000002
2024-06-17 16:55:52,437: INFO: phi = [-0.02663961  0.00374299  0.00235004  0.00117686  0.0227539   0.01116345
 -0.0018969   0.00369446  0.00151935  0.01345911 -0.0134763  -0.03506531
  0.00486132  0.00017599  0.01663281  0.00088121]
2024-06-17 16:55:52,456: INFO: num_full_subsets = 2
2024-06-17 16:55:52,456: INFO: remaining_weight_vector = [0.22727203 0.18465852 0.16115653 0.14772682 0.14069221 0.13849389]
2024-06-17 16:55:52,456: INFO: num_paired_subset_sizes = 7
2024-06-17 16:55:52,472: INFO: weight_left = 0.5063344810024111
2024-06-17 16:55:52,697: INFO: np.sum(w_aug) = 15.999999999999996
2024-06-17 16:55:52,697: INFO: np.sum(self.kernelWeights) = 1.0000000000000004
2024-06-17 16:55:52,703: INFO: phi = [-0.01087331  0.00374299  0.00235004 -0.01399154  0.0227539   0.01116345
 -0.00073484  0.00083741  0.00320131 -0.05953093  0.02483867 -0.00076872
 -0.00317256 -0.00051761  0.0056617   0.00198885]
2024-06-17 16:55:52,719: INFO: num_full_subsets = 2
2024-06-17 16:55:52,719: INFO: remaining_weight_vector = [0.22727203 0.18465852 0.16115653 0.14772682 0.14069221 0.13849389]
2024-06-17 16:55:52,719: INFO: num_paired_subset_sizes = 7
2024-06-17 16:55:52,742: INFO: weight_left = 0.5063344810024111
2024-06-17 16:55:52,969: INFO: np.sum(w_aug) = 15.999999999999996
2024-06-17 16:55:52,969: INFO: np.sum(self.kernelWeights) = 1.0000000000000002
2024-06-17 16:55:52,969: INFO: phi = [ 2.06592923e-02  3.74299043e-03  2.35003600e-03  1.17685824e-03
  2.27538988e-02  1.11634454e-02 -1.53934438e-03  3.69445983e-03
  2.12005100e-03  1.34591121e-02 -1.34763002e-02 -7.62803640e-03
  8.77682482e-03 -7.45353661e-04 -2.10108443e-02  1.09127683e-05]
2024-06-17 16:55:52,995: INFO: num_full_subsets = 2
2024-06-17 16:55:52,995: INFO: remaining_weight_vector = [0.22727203 0.18465852 0.16115653 0.14772682 0.14069221 0.13849389]
2024-06-17 16:55:52,995: INFO: num_paired_subset_sizes = 7
2024-06-17 16:55:53,014: INFO: weight_left = 0.5063344810024111
2024-06-17 16:55:53,234: INFO: np.sum(w_aug) = 15.999999999999998
2024-06-17 16:55:53,234: INFO: np.sum(self.kernelWeights) = 1.0000000000000004
2024-06-17 16:55:53,239: INFO: phi = [ 0.00489299  0.00374299  0.00235004 -0.01399154 -0.01981791 -0.02604804
  0.00069539 -0.00201964 -0.00208484  0.01345911 -0.0134763  -0.00762804
 -0.01151075 -0.00057972 -0.01842707 -0.00157144]
2024-06-17 16:55:53,254: INFO: num_full_subsets = 2
2024-06-17 16:55:53,254: INFO: remaining_weight_vector = [0.22727203 0.18465852 0.16115653 0.14772682 0.14069221 0.13849389]
2024-06-17 16:55:53,254: INFO: num_paired_subset_sizes = 7
2024-06-17 16:55:53,279: INFO: weight_left = 0.5063344810024111
2024-06-17 16:55:53,491: INFO: np.sum(w_aug) = 15.999999999999996
2024-06-17 16:55:53,491: INFO: np.sum(self.kernelWeights) = 1.0000000000000002
2024-06-17 16:55:53,496: INFO: phi = [-0.02663961 -0.01072991  0.00235004  0.00117686  0.0227539  -0.02604804
  0.00284073 -0.00201964 -0.00208484  0.01345911 -0.0134763  -0.04192463
  0.00877682 -0.00068324  0.06246506 -0.00157144]
2024-06-17 16:55:53,516: INFO: num_full_subsets = 2
2024-06-17 16:55:53,516: INFO: remaining_weight_vector = [0.22727203 0.18465852 0.16115653 0.14772682 0.14069221 0.13849389]
2024-06-17 16:55:53,516: INFO: num_paired_subset_sizes = 7
2024-06-17 16:55:53,524: INFO: weight_left = 0.5063344810024111
2024-06-17 16:55:53,765: INFO: np.sum(w_aug) = 15.999999999999996
2024-06-17 16:55:53,765: INFO: np.sum(self.kernelWeights) = 1.0000000000000002
2024-06-17 16:55:53,771: INFO: phi = [-0.01087331 -0.00349346  0.00235004  0.00117686  0.0227539   0.01116345
 -0.00118179  0.00083741  0.00260061 -0.05953093  0.02483867  0.0060906
  0.00877682 -0.00050725  0.01289627  0.00206797]
2024-06-17 16:55:53,793: INFO: num_full_subsets = 2
2024-06-17 16:55:53,793: INFO: remaining_weight_vector = [0.22727203 0.18465852 0.16115653 0.14772682 0.14069221 0.13849389]
2024-06-17 16:55:53,793: INFO: num_paired_subset_sizes = 7
2024-06-17 16:55:53,808: INFO: weight_left = 0.5063344810024111
2024-06-17 16:55:54,037: INFO: np.sum(w_aug) = 15.999999999999998
2024-06-17 16:55:54,037: INFO: np.sum(self.kernelWeights) = 1.0000000000000004
2024-06-17 16:55:54,046: INFO: phi = [ 0.03642559 -0.0252028   0.00235004  0.00117686  0.0227539   0.01116345
 -0.00216507  0.00083741  0.00127907 -0.09602595  0.10146861 -0.01448736
  0.00877682 -0.00074535 -0.04843864  0.00523267]
2024-06-17 16:55:54,069: INFO: num_full_subsets = 2
2024-06-17 16:55:54,070: INFO: remaining_weight_vector = [0.22727203 0.18465852 0.16115653 0.14772682 0.14069221 0.13849389]
2024-06-17 16:55:54,070: INFO: num_paired_subset_sizes = 7
2024-06-17 16:55:54,086: INFO: weight_left = 0.5063344810024111
2024-06-17 16:55:54,304: INFO: np.sum(w_aug) = 16.0
2024-06-17 16:55:54,304: INFO: np.sum(self.kernelWeights) = 1.0000000000000004
2024-06-17 16:55:54,321: INFO: phi = [ 0.0521919  -0.00349346  0.00235004  0.00117686  0.0227539   0.01116345
 -0.00153934  0.00369446  0.00212005  0.01345911 -0.0134763   0.01980924
  0.00877682 -0.00064183  0.00295867  0.00198885]
2024-06-17 16:55:54,341: INFO: num_full_subsets = 2
2024-06-17 16:55:54,341: INFO: remaining_weight_vector = [0.22727203 0.18465852 0.16115653 0.14772682 0.14069221 0.13849389]
2024-06-17 16:55:54,341: INFO: num_paired_subset_sizes = 7
2024-06-17 16:55:54,357: INFO: weight_left = 0.5063344810024111
2024-06-17 16:55:54,594: INFO: np.sum(w_aug) = 15.999999999999996
2024-06-17 16:55:54,594: INFO: np.sum(self.kernelWeights) = 1.0000000000000002
2024-06-17 16:55:54,602: INFO: phi = [-0.01087331 -0.0252028   0.00235004  0.00117686 -0.06238972  0.00223269
 -0.00080278  0.00083741  0.0006964   0.0047368   0.00338229 -0.00166043
 -0.00156984  0.00082817 -0.0033219   0.00206797]
2024-06-17 16:55:54,623: INFO: num_full_subsets = 2
2024-06-17 16:55:54,623: INFO: remaining_weight_vector = [0.22727203 0.18465852 0.16115653 0.14772682 0.14069221 0.13849389]
2024-06-17 16:55:54,623: INFO: num_paired_subset_sizes = 7
2024-06-17 16:55:54,638: INFO: weight_left = 0.5063344810024111
2024-06-17 16:55:54,851: INFO: np.sum(w_aug) = 15.999999999999996
2024-06-17 16:55:54,851: INFO: np.sum(self.kernelWeights) = 1.0000000000000002
2024-06-17 16:55:54,851: INFO: phi = [-0.02663961  0.00374299  0.00235004  0.00117686  0.0227539  -0.02604804
  0.00284073 -0.00201964 -0.00208484  0.01345911 -0.0134763  -0.04192463
  0.00877682 -0.00068324  0.04179484 -0.00157144]
2024-06-17 16:55:54,867: INFO: num_full_subsets = 2
2024-06-17 16:55:54,867: INFO: remaining_weight_vector = [0.22727203 0.18465852 0.16115653 0.14772682 0.14069221 0.13849389]
2024-06-17 16:55:54,867: INFO: num_paired_subset_sizes = 7
2024-06-17 16:55:54,882: INFO: weight_left = 0.5063344810024111
2024-06-17 16:55:55,120: INFO: np.sum(w_aug) = 15.999999999999998
2024-06-17 16:55:55,120: INFO: np.sum(self.kernelWeights) = 1.0000000000000004
2024-06-17 16:55:55,126: INFO: phi = [-0.02663961 -0.00349346 -0.03659342  0.01381719 -0.06238972  0.01116345
  0.00033783  0.00369446  0.00464298  0.01345911 -0.0134763  -0.04192463
  0.00301515  0.00041409  0.02589466 -0.00070115]
2024-06-17 16:55:55,148: INFO: num_full_subsets = 2
2024-06-17 16:55:55,148: INFO: remaining_weight_vector = [0.22727203 0.18465852 0.16115653 0.14772682 0.14069221 0.13849389]
2024-06-17 16:55:55,148: INFO: num_paired_subset_sizes = 7
2024-06-17 16:55:55,163: INFO: weight_left = 0.5063344810024111
2024-06-17 16:55:55,397: INFO: np.sum(w_aug) = 15.999999999999996
2024-06-17 16:55:55,397: INFO: np.sum(self.kernelWeights) = 1.0000000000000002
2024-06-17 16:55:55,404: INFO: phi = [ 0.00489299  0.00374299  0.00235004  0.00117686 -0.01981791 -0.02604804
  0.00069539 -0.00201964 -0.00208484  0.01345911 -0.0134763  -0.00762804
  0.00877682 -0.00057972 -0.00117538 -0.00157144]
2024-06-17 16:55:55,426: INFO: num_full_subsets = 2
2024-06-17 16:55:55,426: INFO: remaining_weight_vector = [0.22727203 0.18465852 0.16115653 0.14772682 0.14069221 0.13849389]
2024-06-17 16:55:55,426: INFO: num_paired_subset_sizes = 7
2024-06-17 16:55:55,442: INFO: weight_left = 0.5063344810024111
2024-06-17 16:55:55,664: INFO: np.sum(w_aug) = 16.0
2024-06-17 16:55:55,664: INFO: np.sum(self.kernelWeights) = 1.0000000000000004
2024-06-17 16:55:55,670: INFO: phi = [ 0.0521919   0.00374299  0.00235004  0.00117686 -0.01981791  0.01116345
  0.00105294 -0.00201964 -0.00208484  0.01345911 -0.0134763  -0.04192463
  0.00877682  0.00033127  0.03571302 -0.00157144]
2024-06-17 16:55:55,690: INFO: num_full_subsets = 2
2024-06-17 16:55:55,690: INFO: remaining_weight_vector = [0.22727203 0.18465852 0.16115653 0.14772682 0.14069221 0.13849389]
2024-06-17 16:55:55,690: INFO: num_paired_subset_sizes = 7
2024-06-17 16:55:55,706: INFO: weight_left = 0.5063344810024111
2024-06-17 16:55:55,930: INFO: np.sum(w_aug) = 15.999999999999998
2024-06-17 16:55:55,930: INFO: np.sum(self.kernelWeights) = 1.0000000000000004
2024-06-17 16:55:55,937: INFO: phi = [ 0.00489299  0.00374299  0.00235004 -0.01399154 -0.01981791 -0.02604804
  0.00069539 -0.00201964 -0.00208484  0.01345911 -0.0134763  -0.00762804
 -0.01151075 -0.00057972 -0.01003973 -0.00157144]
2024-06-17 16:55:55,957: INFO: num_full_subsets = 2
2024-06-17 16:55:55,957: INFO: remaining_weight_vector = [0.22727203 0.18465852 0.16115653 0.14772682 0.14069221 0.13849389]
2024-06-17 16:55:55,957: INFO: num_paired_subset_sizes = 7
2024-06-17 16:55:55,973: INFO: weight_left = 0.5063344810024111
2024-06-17 16:55:56,183: INFO: np.sum(w_aug) = 15.999999999999996
2024-06-17 16:55:56,183: INFO: np.sum(self.kernelWeights) = 1.0
2024-06-17 16:55:56,183: INFO: phi = [ 0.00489299  0.00374299  0.00235004 -0.00893541  0.0227539   0.01116345
 -0.00216507 -0.00201964 -0.00208484  0.01345911 -0.0134763   0.01980924
 -0.00339572 -0.00067289 -0.01922207 -0.00157144]
2024-06-17 16:55:56,215: INFO: num_full_subsets = 2
2024-06-17 16:55:56,215: INFO: remaining_weight_vector = [0.22727203 0.18465852 0.16115653 0.14772682 0.14069221 0.13849389]
2024-06-17 16:55:56,216: INFO: num_paired_subset_sizes = 7
2024-06-17 16:55:56,226: INFO: weight_left = 0.5063344810024111
2024-06-17 16:55:56,454: INFO: np.sum(w_aug) = 15.999999999999996
2024-06-17 16:55:56,454: INFO: np.sum(self.kernelWeights) = 1.0000000000000004
2024-06-17 16:55:56,460: INFO: phi = [ 0.00489299  0.00374299  0.00235004 -0.00893541  0.0227539   0.00223269
 -0.00080278  0.00369446  0.0006964   0.0047368   0.00338229 -0.00166043
 -0.00156984  0.00082817 -0.0033219   0.00206797]
2024-06-17 16:55:56,480: INFO: num_full_subsets = 2
2024-06-17 16:55:56,480: INFO: remaining_weight_vector = [0.22727203 0.18465852 0.16115653 0.14772682 0.14069221 0.13849389]
2024-06-17 16:55:56,480: INFO: num_paired_subset_sizes = 7
2024-06-17 16:55:56,496: INFO: weight_left = 0.5063344810024111
2024-06-17 16:55:56,711: INFO: np.sum(w_aug) = 15.999999999999996
2024-06-17 16:55:56,711: INFO: np.sum(self.kernelWeights) = 1.0000000000000004
2024-06-17 16:55:56,711: INFO: phi = [-0.02663961  0.00374299  0.00235004  0.00117686 -0.01981791 -0.02604804
  0.00158928 -0.00201964 -0.00208484  0.01345911 -0.0134763   0.02666856
  0.00877682  0.00043479  0.00768897 -0.00157144]
2024-06-17 16:55:56,740: INFO: num_full_subsets = 2
2024-06-17 16:55:56,741: INFO: remaining_weight_vector = [0.22727203 0.18465852 0.16115653 0.14772682 0.14069221 0.13849389]
2024-06-17 16:55:56,741: INFO: num_paired_subset_sizes = 7
2024-06-17 16:55:56,760: INFO: weight_left = 0.5063344810024111
2024-06-17 16:55:57,001: INFO: np.sum(w_aug) = 15.999999999999998
2024-06-17 16:55:57,001: INFO: np.sum(self.kernelWeights) = 1.0000000000000004
2024-06-17 16:55:57,003: INFO: phi = [-0.01087331  0.00374299  0.00235004 -0.01399154  0.0227539   0.01116345
 -0.00073484  0.00083741  0.00320131 -0.05953093  0.02483867 -0.00076872
 -0.01528424 -0.00051761  0.00911998  0.00190973]
2024-06-17 16:55:57,031: INFO: num_full_subsets = 2
2024-06-17 16:55:57,031: INFO: remaining_weight_vector = [0.22727203 0.18465852 0.16115653 0.14772682 0.14069221 0.13849389]
2024-06-17 16:55:57,031: INFO: num_paired_subset_sizes = 7
2024-06-17 16:55:57,047: INFO: weight_left = 0.5063344810024111
2024-06-17 16:55:57,271: INFO: np.sum(w_aug) = 15.999999999999996
2024-06-17 16:55:57,271: INFO: np.sum(self.kernelWeights) = 1.0000000000000002
2024-06-17 16:55:57,282: INFO: phi = [-0.02663961  0.00374299  0.00235004  0.00117686 -0.01981791  0.01116345
  0.00158928 -0.00201964 -0.00208484  0.01345911 -0.0134763  -0.00762804
  0.00877682  0.00043479 -0.00511067 -0.00157144]
2024-06-17 16:55:57,309: INFO: num_full_subsets = 2
2024-06-17 16:55:57,309: INFO: remaining_weight_vector = [0.22727203 0.18465852 0.16115653 0.14772682 0.14069221 0.13849389]
2024-06-17 16:55:57,309: INFO: num_paired_subset_sizes = 7
2024-06-17 16:55:57,325: INFO: weight_left = 0.5063344810024111
2024-06-17 16:55:57,544: INFO: np.sum(w_aug) = 16.0
2024-06-17 16:55:57,544: INFO: np.sum(self.kernelWeights) = 1.0000000000000004
2024-06-17 16:55:57,550: INFO: phi = [-0.02663961  0.00374299  0.00235004  0.01128912 -0.01981791 -0.02604804
  0.00158928 -0.00201964 -0.00208484  0.01345911 -0.0134763   0.02666856
 -0.01800277  0.00043479 -0.00626343 -0.00157144]
2024-06-17 16:55:57,571: INFO: num_full_subsets = 2
2024-06-17 16:55:57,571: INFO: remaining_weight_vector = [0.22727203 0.18465852 0.16115653 0.14772682 0.14069221 0.13849389]
2024-06-17 16:55:57,571: INFO: num_paired_subset_sizes = 7
2024-06-17 16:55:57,578: INFO: weight_left = 0.5063344810024111
2024-06-17 16:55:57,809: INFO: np.sum(w_aug) = 16.0
2024-06-17 16:55:57,809: INFO: np.sum(self.kernelWeights) = 1.0
2024-06-17 16:55:57,815: INFO: phi = [-0.02663961  0.00374299  0.00235004  0.00117686  0.0227539   0.01116345
  0.00033783 -0.00201964 -0.00208484  0.01345911 -0.0134763   0.0060906
  0.00877682  0.00043479  0.00919948 -0.00157144]
2024-06-17 16:55:57,829: INFO: num_full_subsets = 2
2024-06-17 16:55:57,829: INFO: remaining_weight_vector = [0.22727203 0.18465852 0.16115653 0.14772682 0.14069221 0.13849389]
2024-06-17 16:55:57,829: INFO: num_paired_subset_sizes = 7
2024-06-17 16:55:57,850: INFO: weight_left = 0.5063344810024111
2024-06-17 16:55:58,070: INFO: np.sum(w_aug) = 16.0
2024-06-17 16:55:58,070: INFO: np.sum(self.kernelWeights) = 1.0000000000000002
2024-06-17 16:55:58,077: INFO: phi = [ 0.0521919   0.00374299 -0.01712169  0.00117686  0.0227539   0.01116345
  0.00212561 -0.00201964 -0.00208484  0.01345911 -0.0134763  -0.02134668
 -0.00643886 -0.00064183 -0.02101084 -0.00157144]
2024-06-17 16:55:58,086: INFO: num_full_subsets = 2
2024-06-17 16:55:58,086: INFO: remaining_weight_vector = [0.22727203 0.18465852 0.16115653 0.14772682 0.14069221 0.13849389]
2024-06-17 16:55:58,086: INFO: num_paired_subset_sizes = 7
2024-06-17 16:55:58,101: INFO: weight_left = 0.5063344810024111
2024-06-17 16:55:58,320: INFO: np.sum(w_aug) = 15.999999999999996
2024-06-17 16:55:58,320: INFO: np.sum(self.kernelWeights) = 1.0
2024-06-17 16:55:58,320: INFO: phi = [ 0.00489299  0.00374299  0.00235004 -0.00893541  0.0227539   0.00223269
 -0.00080278  0.00369446  0.0006964   0.0047368   0.00338229 -0.00166043
 -0.00156984  0.00082817 -0.0033219   0.00206797]
2024-06-17 16:55:58,336: INFO: num_full_subsets = 2
2024-06-17 16:55:58,336: INFO: remaining_weight_vector = [0.22727203 0.18465852 0.16115653 0.14772682 0.14069221 0.13849389]
2024-06-17 16:55:58,336: INFO: num_paired_subset_sizes = 7
2024-06-17 16:55:58,351: INFO: weight_left = 0.5063344810024111
2024-06-17 16:55:58,583: INFO: np.sum(w_aug) = 15.999999999999998
2024-06-17 16:55:58,583: INFO: np.sum(self.kernelWeights) = 1.0000000000000002
2024-06-17 16:55:58,591: INFO: phi = [ 0.0521919  -0.01072991  0.00235004 -0.00640734 -0.06238972  0.00223269
 -0.00080278 -0.00201964  0.0006964   0.0047368   0.00338229 -0.00166043
 -0.00156984  0.00082817 -0.0033219   0.00206797]
2024-06-17 16:55:58,610: INFO: num_full_subsets = 2
2024-06-17 16:55:58,610: INFO: remaining_weight_vector = [0.22727203 0.18465852 0.16115653 0.14772682 0.14069221 0.13849389]
2024-06-17 16:55:58,610: INFO: num_paired_subset_sizes = 7
2024-06-17 16:55:58,626: INFO: weight_left = 0.5063344810024111
2024-06-17 16:55:58,848: INFO: np.sum(w_aug) = 15.999999999999996
2024-06-17 16:55:58,848: INFO: np.sum(self.kernelWeights) = 1.0000000000000004
2024-06-17 16:55:58,854: INFO: phi = [ 0.00489299  0.00374299  0.00235004 -0.00893541  0.0227539   0.00223269
 -0.00080278  0.00369446  0.0006964   0.0047368   0.00338229 -0.00166043
 -0.00156984  0.00082817 -0.0033219   0.00206797]
2024-06-17 16:55:58,875: INFO: num_full_subsets = 2
2024-06-17 16:55:58,875: INFO: remaining_weight_vector = [0.22727203 0.18465852 0.16115653 0.14772682 0.14069221 0.13849389]
2024-06-17 16:55:58,875: INFO: num_paired_subset_sizes = 7
2024-06-17 16:55:58,894: INFO: weight_left = 0.5063344810024111
2024-06-17 16:55:59,139: INFO: np.sum(w_aug) = 15.999999999999996
2024-06-17 16:55:59,139: INFO: np.sum(self.kernelWeights) = 1.0
2024-06-17 16:55:59,145: INFO: phi = [ 0.0521919   0.00374299  0.00235004  0.00117686 -0.01981791 -0.02604804
  0.00105294 -0.00201964 -0.00208484  0.01345911 -0.0134763  -0.04192463
  0.00877682  0.00033127  0.03571302 -0.00157144]
2024-06-17 16:55:59,166: INFO: num_full_subsets = 2
2024-06-17 16:55:59,166: INFO: remaining_weight_vector = [0.22727203 0.18465852 0.16115653 0.14772682 0.14069221 0.13849389]
2024-06-17 16:55:59,166: INFO: num_paired_subset_sizes = 7
2024-06-17 16:55:59,186: INFO: weight_left = 0.5063344810024111
2024-06-17 16:55:59,408: INFO: np.sum(w_aug) = 16.0
2024-06-17 16:55:59,409: INFO: np.sum(self.kernelWeights) = 1.0000000000000004
2024-06-17 16:55:59,414: INFO: phi = [-0.02663961  0.00374299  0.00235004  0.01128912  0.0227539   0.01116345
  0.00033783 -0.00201964 -0.00208484  0.01345911 -0.0134763   0.0060906
  0.00208192  0.00043479  0.00919948 -0.00157144]
2024-06-17 16:55:59,435: INFO: num_full_subsets = 2
2024-06-17 16:55:59,436: INFO: remaining_weight_vector = [0.22727203 0.18465852 0.16115653 0.14772682 0.14069221 0.13849389]
2024-06-17 16:55:59,436: INFO: num_paired_subset_sizes = 7
2024-06-17 16:55:59,447: INFO: weight_left = 0.5063344810024111
2024-06-17 16:55:59,676: INFO: np.sum(w_aug) = 15.999999999999998
2024-06-17 16:55:59,676: INFO: np.sum(self.kernelWeights) = 1.0000000000000004
2024-06-17 16:55:59,681: INFO: phi = [ 0.0521919   0.00374299 -0.01712169  0.00117686  0.0227539   0.01116345
  0.00212561  0.00369446  0.00704578  0.01345911 -0.0134763   0.0060906
 -0.00643886 -0.00064183 -0.02101084 -0.00054291]
